This is pdfTeX, Version 3.14159265-2.6-1.40.16 (TeX Live 2015) (preloaded format=pdflatex 2015.5.24)  16 FEB 2019 17:44
entering extended mode
 restricted \write18 enabled.
 %&-line parsing enabled.
**figures.tex
(./figures.tex
LaTeX2e <2015/01/01>
Babel <3.9l> and hyphenation patterns for 79 languages loaded.
(/usr/local/texlive/2015/texmf-dist/tex/latex/base/article.cls
Document Class: article 2014/09/29 v1.4h Standard LaTeX document class
(/usr/local/texlive/2015/texmf-dist/tex/latex/base/size11.clo
File: size11.clo 2014/09/29 v1.4h Standard LaTeX file (size option)
)
\c@part=\count79
\c@section=\count80
\c@subsection=\count81
\c@subsubsection=\count82
\c@paragraph=\count83
\c@subparagraph=\count84
\c@figure=\count85
\c@table=\count86
\abovecaptionskip=\skip41
\belowcaptionskip=\skip42
\bibindent=\dimen102
)
(/usr/local/texlive/2015/texmf-dist/tex/generic/epsf/epsf.sty
This is `epsf.tex' v2.7.4 <14 February 2011>
\epsffilein=\read1
\epsfframemargin=\dimen103
\epsfframethickness=\dimen104
\epsfrsize=\dimen105
\epsftmp=\dimen106
\epsftsize=\dimen107
\epsfxsize=\dimen108
\epsfysize=\dimen109
\pspoints=\dimen110
) (/usr/local/texlive/2015/texmf-dist/tex/latex/amsmath/amsmath.sty
Package: amsmath 2013/01/14 v2.14 AMS math features
\@mathmargin=\skip43

For additional information on amsmath, use the `?' option.
(/usr/local/texlive/2015/texmf-dist/tex/latex/amsmath/amstext.sty
Package: amstext 2000/06/29 v2.01

(/usr/local/texlive/2015/texmf-dist/tex/latex/amsmath/amsgen.sty
File: amsgen.sty 1999/11/30 v2.0
\@emptytoks=\toks14
\ex@=\dimen111
))
(/usr/local/texlive/2015/texmf-dist/tex/latex/amsmath/amsbsy.sty
Package: amsbsy 1999/11/29 v1.2d
\pmbraise@=\dimen112
)
(/usr/local/texlive/2015/texmf-dist/tex/latex/amsmath/amsopn.sty
Package: amsopn 1999/12/14 v2.01 operator names
)
\inf@bad=\count87
LaTeX Info: Redefining \frac on input line 210.
\uproot@=\count88
\leftroot@=\count89
LaTeX Info: Redefining \overline on input line 306.
\classnum@=\count90
\DOTSCASE@=\count91
LaTeX Info: Redefining \ldots on input line 378.
LaTeX Info: Redefining \dots on input line 381.
LaTeX Info: Redefining \cdots on input line 466.
\Mathstrutbox@=\box26
\strutbox@=\box27
\big@size=\dimen113
LaTeX Font Info:    Redeclaring font encoding OML on input line 566.
LaTeX Font Info:    Redeclaring font encoding OMS on input line 567.
\macc@depth=\count92
\c@MaxMatrixCols=\count93
\dotsspace@=\muskip10
\c@parentequation=\count94
\dspbrk@lvl=\count95
\tag@help=\toks15
\row@=\count96
\column@=\count97
\maxfields@=\count98
\andhelp@=\toks16
\eqnshift@=\dimen114
\alignsep@=\dimen115
\tagshift@=\dimen116
\tagwidth@=\dimen117
\totwidth@=\dimen118
\lineht@=\dimen119
\@envbody=\toks17
\multlinegap=\skip44
\multlinetaggap=\skip45
\mathdisplay@stack=\toks18
LaTeX Info: Redefining \[ on input line 2665.
LaTeX Info: Redefining \] on input line 2666.
)
(/usr/local/texlive/2015/texmf-dist/tex/latex/amsfonts/amsfonts.sty
Package: amsfonts 2013/01/14 v3.01 Basic AMSFonts support
\symAMSa=\mathgroup4
\symAMSb=\mathgroup5
LaTeX Font Info:    Overwriting math alphabet `\mathfrak' in version `bold'
(Font)                  U/euf/m/n --> U/euf/b/n on input line 106.
)
(/usr/local/texlive/2015/texmf-dist/tex/latex/amscls/amsthm.sty
Package: amsthm 2015/03/04 v2.20.2
\thm@style=\toks19
\thm@bodyfont=\toks20
\thm@headfont=\toks21
\thm@notefont=\toks22
\thm@headpunct=\toks23
\thm@preskip=\skip46
\thm@postskip=\skip47
\thm@headsep=\skip48
\dth@everypar=\toks24
)
(/usr/local/texlive/2015/texmf-dist/tex/latex/graphics/graphicx.sty
Package: graphicx 2014/10/28 v1.0g Enhanced LaTeX Graphics (DPC,SPQR)

(/usr/local/texlive/2015/texmf-dist/tex/latex/graphics/keyval.sty
Package: keyval 2014/10/28 v1.15 key=value parser (DPC)
\KV@toks@=\toks25
)
(/usr/local/texlive/2015/texmf-dist/tex/latex/graphics/graphics.sty
Package: graphics 2014/10/28 v1.0p Standard LaTeX Graphics (DPC,SPQR)

(/usr/local/texlive/2015/texmf-dist/tex/latex/graphics/trig.sty
Package: trig 1999/03/16 v1.09 sin cos tan (DPC)
)
(/usr/local/texlive/2015/texmf-dist/tex/latex/latexconfig/graphics.cfg
File: graphics.cfg 2010/04/23 v1.9 graphics configuration of TeX Live
)
Package graphics Info: Driver file: pdftex.def on input line 94.

(/usr/local/texlive/2015/texmf-dist/tex/latex/pdftex-def/pdftex.def
File: pdftex.def 2011/05/27 v0.06d Graphics/color for pdfTeX

(/usr/local/texlive/2015/texmf-dist/tex/generic/oberdiek/infwarerr.sty
Package: infwarerr 2010/04/08 v1.3 Providing info/warning/error messages (HO)
)
(/usr/local/texlive/2015/texmf-dist/tex/generic/oberdiek/ltxcmds.sty
Package: ltxcmds 2011/11/09 v1.22 LaTeX kernel commands for general use (HO)
)
\Gread@gobject=\count99
))
\Gin@req@height=\dimen120
\Gin@req@width=\dimen121
)
(/usr/local/texlive/2015/texmf-dist/tex/latex/graphics/color.sty
Package: color 2014/10/28 v1.1a Standard LaTeX Color (DPC)

(/usr/local/texlive/2015/texmf-dist/tex/latex/latexconfig/color.cfg
File: color.cfg 2007/01/18 v1.5 color configuration of teTeX/TeXLive
)
Package color Info: Driver file: pdftex.def on input line 142.
)
(/usr/local/texlive/2015/texmf-dist/tex/latex/amsfonts/amssymb.sty
Package: amssymb 2013/01/14 v3.01 AMS font symbols
)
(/usr/local/texlive/2015/texmf-dist/tex/latex/graphics/epsfig.sty
Package: epsfig 1999/02/16 v1.7a (e)psfig emulation (SPQR)
\epsfxsize=\dimen122
\epsfysize=\dimen123
)
(/usr/local/texlive/2015/texmf-dist/tex/latex/bbm-macros/bbm.sty
Package: bbm 1999/03/15 V 1.2 provides fonts for set symbols - TH
LaTeX Font Info:    Overwriting math alphabet `\mathbbm' in version `bold'
(Font)                  U/bbm/m/n --> U/bbm/bx/n on input line 33.
LaTeX Font Info:    Overwriting math alphabet `\mathbbmss' in version `bold'
(Font)                  U/bbmss/m/n --> U/bbmss/bx/n on input line 35.
)
(/usr/local/texlive/2015/texmf-dist/tex/latex/xcolor/xcolor.sty
Package: xcolor 2007/01/21 v2.11 LaTeX color extensions (UK)

(/usr/local/texlive/2015/texmf-dist/tex/latex/latexconfig/color.cfg
File: color.cfg 2007/01/18 v1.5 color configuration of teTeX/TeXLive
)
Package xcolor Info: Driver file: pdftex.def on input line 225.
LaTeX Info: Redefining \color on input line 702.
Package xcolor Info: Model `cmy' substituted by `cmy0' on input line 1337.
Package xcolor Info: Model `hsb' substituted by `rgb' on input line 1341.
Package xcolor Info: Model `RGB' extended on input line 1353.
Package xcolor Info: Model `HTML' substituted by `rgb' on input line 1355.
Package xcolor Info: Model `Hsb' substituted by `hsb' on input line 1356.
Package xcolor Info: Model `tHsb' substituted by `hsb' on input line 1357.
Package xcolor Info: Model `HSB' substituted by `hsb' on input line 1358.
Package xcolor Info: Model `Gray' substituted by `gray' on input line 1359.
Package xcolor Info: Model `wave' substituted by `hsb' on input line 1360.
)
(/usr/local/texlive/2015/texmf-dist/tex/latex/hyperref/hyperref.sty
Package: hyperref 2012/11/06 v6.83m Hypertext links for LaTeX

(/usr/local/texlive/2015/texmf-dist/tex/generic/oberdiek/hobsub-hyperref.sty
Package: hobsub-hyperref 2012/05/28 v1.13 Bundle oberdiek, subset hyperref (HO)


(/usr/local/texlive/2015/texmf-dist/tex/generic/oberdiek/hobsub-generic.sty
Package: hobsub-generic 2012/05/28 v1.13 Bundle oberdiek, subset generic (HO)
Package: hobsub 2012/05/28 v1.13 Construct package bundles (HO)
Package hobsub Info: Skipping package `infwarerr' (already loaded).
Package hobsub Info: Skipping package `ltxcmds' (already loaded).
Package: ifluatex 2010/03/01 v1.3 Provides the ifluatex switch (HO)
Package ifluatex Info: LuaTeX not detected.
Package: ifvtex 2010/03/01 v1.5 Detect VTeX and its facilities (HO)
Package ifvtex Info: VTeX not detected.
Package: intcalc 2007/09/27 v1.1 Expandable calculations with integers (HO)
Package: ifpdf 2011/01/30 v2.3 Provides the ifpdf switch (HO)
Package ifpdf Info: pdfTeX in PDF mode is detected.
Package: etexcmds 2011/02/16 v1.5 Avoid name clashes with e-TeX commands (HO)
Package etexcmds Info: Could not find \expanded.
(etexcmds)             That can mean that you are not using pdfTeX 1.50 or
(etexcmds)             that some package has redefined \expanded.
(etexcmds)             In the latter case, load this package earlier.
Package: kvsetkeys 2012/04/25 v1.16 Key value parser (HO)
Package: kvdefinekeys 2011/04/07 v1.3 Define keys (HO)
Package: pdftexcmds 2011/11/29 v0.20 Utility functions of pdfTeX for LuaTeX (HO
)
Package pdftexcmds Info: LuaTeX not detected.
Package pdftexcmds Info: \pdf@primitive is available.
Package pdftexcmds Info: \pdf@ifprimitive is available.
Package pdftexcmds Info: \pdfdraftmode found.
Package: pdfescape 2011/11/25 v1.13 Implements pdfTeX's escape features (HO)
Package: bigintcalc 2012/04/08 v1.3 Expandable calculations on big integers (HO
)
Package: bitset 2011/01/30 v1.1 Handle bit-vector datatype (HO)
Package: uniquecounter 2011/01/30 v1.2 Provide unlimited unique counter (HO)
)
Package hobsub Info: Skipping package `hobsub' (already loaded).
Package: letltxmacro 2010/09/02 v1.4 Let assignment for LaTeX macros (HO)
Package: hopatch 2012/05/28 v1.2 Wrapper for package hooks (HO)
Package: xcolor-patch 2011/01/30 xcolor patch
Package: atveryend 2011/06/30 v1.8 Hooks at the very end of document (HO)
Package atveryend Info: \enddocument detected (standard20110627).
Package: atbegshi 2011/10/05 v1.16 At begin shipout hook (HO)
Package: refcount 2011/10/16 v3.4 Data extraction from label references (HO)
Package: hycolor 2011/01/30 v1.7 Color options for hyperref/bookmark (HO)
)
(/usr/local/texlive/2015/texmf-dist/tex/generic/ifxetex/ifxetex.sty
Package: ifxetex 2010/09/12 v0.6 Provides ifxetex conditional
)
(/usr/local/texlive/2015/texmf-dist/tex/latex/oberdiek/auxhook.sty
Package: auxhook 2011/03/04 v1.3 Hooks for auxiliary files (HO)
)
(/usr/local/texlive/2015/texmf-dist/tex/latex/oberdiek/kvoptions.sty
Package: kvoptions 2011/06/30 v3.11 Key value format for package options (HO)
)
\@linkdim=\dimen124
\Hy@linkcounter=\count100
\Hy@pagecounter=\count101

(/usr/local/texlive/2015/texmf-dist/tex/latex/hyperref/pd1enc.def
File: pd1enc.def 2012/11/06 v6.83m Hyperref: PDFDocEncoding definition (HO)
)
\Hy@SavedSpaceFactor=\count102

(/usr/local/texlive/2015/texmf-dist/tex/latex/latexconfig/hyperref.cfg
File: hyperref.cfg 2002/06/06 v1.2 hyperref configuration of TeXLive
)
Package hyperref Info: Hyper figures OFF on input line 4443.
Package hyperref Info: Link nesting OFF on input line 4448.
Package hyperref Info: Hyper index ON on input line 4451.
Package hyperref Info: Plain pages OFF on input line 4458.
Package hyperref Info: Backreferencing OFF on input line 4463.
Package hyperref Info: Implicit mode ON; LaTeX internals redefined.
Package hyperref Info: Bookmarks ON on input line 4688.
\c@Hy@tempcnt=\count103

(/usr/local/texlive/2015/texmf-dist/tex/latex/url/url.sty
\Urlmuskip=\muskip11
Package: url 2013/09/16  ver 3.4  Verb mode for urls, etc.
)
LaTeX Info: Redefining \url on input line 5041.
\XeTeXLinkMargin=\dimen125
\Fld@menulength=\count104
\Field@Width=\dimen126
\Fld@charsize=\dimen127
Package hyperref Info: Hyper figures OFF on input line 6295.
Package hyperref Info: Link nesting OFF on input line 6300.
Package hyperref Info: Hyper index ON on input line 6303.
Package hyperref Info: backreferencing OFF on input line 6310.
Package hyperref Info: Link coloring OFF on input line 6315.
Package hyperref Info: Link coloring with OCG OFF on input line 6320.
Package hyperref Info: PDF/A mode OFF on input line 6325.
LaTeX Info: Redefining \ref on input line 6365.
LaTeX Info: Redefining \pageref on input line 6369.
\Hy@abspage=\count105
\c@Item=\count106
\c@Hfootnote=\count107
)

Package hyperref Message: Driver (autodetected): hpdftex.

(/usr/local/texlive/2015/texmf-dist/tex/latex/hyperref/hpdftex.def
File: hpdftex.def 2012/11/06 v6.83m Hyperref driver for pdfTeX
\Fld@listcount=\count108
\c@bookmark@seq@number=\count109

(/usr/local/texlive/2015/texmf-dist/tex/latex/oberdiek/rerunfilecheck.sty
Package: rerunfilecheck 2011/04/15 v1.7 Rerun checks for auxiliary files (HO)
Package uniquecounter Info: New unique counter `rerunfilecheck' on input line 2
82.
)
\Hy@SectionHShift=\skip49
)
(/usr/local/texlive/2015/texmf-dist/tex/latex/subfigure/subfigure.sty
Package: subfigure 2002/03/15 v2.1.5 subfigure package
\subfigtopskip=\skip50
\subfigcapskip=\skip51
\subfigcaptopadj=\dimen128
\subfigbottomskip=\skip52
\subfigcapmargin=\dimen129
\subfiglabelskip=\skip53
\c@subfigure=\count110
\c@lofdepth=\count111
\c@subtable=\count112
\c@lotdepth=\count113

****************************************
* Local config file subfigure.cfg used *
****************************************
(/usr/local/texlive/2015/texmf-dist/tex/latex/subfigure/subfigure.cfg)
\subfig@top=\skip54
\subfig@bottom=\skip55
)
(/usr/local/texlive/2015/texmf-dist/tex/latex/float/float.sty
Package: float 2001/11/08 v1.3d Float enhancements (AL)
\c@float@type=\count114
\float@exts=\toks26
\float@box=\box28
\@float@everytoks=\toks27
\@floatcapt=\box29
) (./figures.aux)
\openout1 = `figures.aux'.

LaTeX Font Info:    Checking defaults for OML/cmm/m/it on input line 28.
LaTeX Font Info:    ... okay on input line 28.
LaTeX Font Info:    Checking defaults for T1/cmr/m/n on input line 28.
LaTeX Font Info:    ... okay on input line 28.
LaTeX Font Info:    Checking defaults for OT1/cmr/m/n on input line 28.
LaTeX Font Info:    ... okay on input line 28.
LaTeX Font Info:    Checking defaults for OMS/cmsy/m/n on input line 28.
LaTeX Font Info:    ... okay on input line 28.
LaTeX Font Info:    Checking defaults for OMX/cmex/m/n on input line 28.
LaTeX Font Info:    ... okay on input line 28.
LaTeX Font Info:    Checking defaults for U/cmr/m/n on input line 28.
LaTeX Font Info:    ... okay on input line 28.
LaTeX Font Info:    Checking defaults for PD1/pdf/m/n on input line 28.
LaTeX Font Info:    ... okay on input line 28.

(/usr/local/texlive/2015/texmf-dist/tex/context/base/supp-pdf.mkii
[Loading MPS to PDF converter (version 2006.09.02).]
\scratchcounter=\count115
\scratchdimen=\dimen130
\scratchbox=\box30
\nofMPsegments=\count116
\nofMParguments=\count117
\everyMPshowfont=\toks28
\MPscratchCnt=\count118
\MPscratchDim=\dimen131
\MPnumerator=\count119
\makeMPintoPDFobject=\count120
\everyMPtoPDFconversion=\toks29
) (/usr/local/texlive/2015/texmf-dist/tex/latex/oberdiek/epstopdf-base.sty
Package: epstopdf-base 2010/02/09 v2.5 Base part for package epstopdf

(/usr/local/texlive/2015/texmf-dist/tex/latex/oberdiek/grfext.sty
Package: grfext 2010/08/19 v1.1 Manage graphics extensions (HO)
)
Package grfext Info: Graphics extension search list:
(grfext)             [.png,.pdf,.jpg,.mps,.jpeg,.jbig2,.jb2,.PNG,.PDF,.JPG,.JPE
G,.JBIG2,.JB2,.eps]
(grfext)             \AppendGraphicsExtensions on input line 452.

(/usr/local/texlive/2015/texmf-dist/tex/latex/latexconfig/epstopdf-sys.cfg
File: epstopdf-sys.cfg 2010/07/13 v1.3 Configuration of (r)epstopdf for TeX Liv
e
))
\AtBeginShipoutBox=\box31
Package hyperref Info: Link coloring OFF on input line 28.

(/usr/local/texlive/2015/texmf-dist/tex/latex/hyperref/nameref.sty
Package: nameref 2012/10/27 v2.43 Cross-referencing by name of section

(/usr/local/texlive/2015/texmf-dist/tex/generic/oberdiek/gettitlestring.sty
Package: gettitlestring 2010/12/03 v1.4 Cleanup title references (HO)
)
\c@section@level=\count121
)
LaTeX Info: Redefining \ref on input line 28.
LaTeX Info: Redefining \pageref on input line 28.
LaTeX Info: Redefining \nameref on input line 28.

(./figures.out) (./figures.out)
\@outlinefile=\write3
\openout3 = `figures.out'.


Underfull \hbox (badness 10000) in paragraph at lines 29--30

 []

LaTeX Font Info:    Try loading font information for U+msa on input line 30.
(/usr/local/texlive/2015/texmf-dist/tex/latex/amsfonts/umsa.fd
File: umsa.fd 2013/01/14 v3.01 AMS symbols A
)
LaTeX Font Info:    Try loading font information for U+msb on input line 30.

(/usr/local/texlive/2015/texmf-dist/tex/latex/amsfonts/umsb.fd
File: umsb.fd 2013/01/14 v3.01 AMS symbols B
)

Package hyperref Warning: Token not allowed in a PDF string (PDFDocEncoding):
(hyperref)                removing `math shift' on input line 30.


Package hyperref Warning: Token not allowed in a PDF string (PDFDocEncoding):
(hyperref)                removing `\mathop' on input line 30.


Package hyperref Warning: Token not allowed in a PDF string (PDFDocEncoding):
(hyperref)                removing `\mathgroup' on input line 30.


Package hyperref Warning: Token not allowed in a PDF string (PDFDocEncoding):
(hyperref)                removing `\symoperators' on input line 30.


Package hyperref Warning: Token not allowed in a PDF string (PDFDocEncoding):
(hyperref)                removing `\@ifnextchar' on input line 30.


Package hyperref Warning: Token not allowed in a PDF string (PDFDocEncoding):
(hyperref)                removing `\mathop' on input line 30.


Package hyperref Warning: Token not allowed in a PDF string (PDFDocEncoding):
(hyperref)                removing `\mathgroup' on input line 30.


Package hyperref Warning: Token not allowed in a PDF string (PDFDocEncoding):
(hyperref)                removing `\symoperators' on input line 30.


Package hyperref Warning: Token not allowed in a PDF string (PDFDocEncoding):
(hyperref)                removing `\@ifnextchar' on input line 30.


Package hyperref Warning: Token not allowed in a PDF string (PDFDocEncoding):
(hyperref)                removing `\theta' on input line 30.


Package hyperref Warning: Token not allowed in a PDF string (PDFDocEncoding):
(hyperref)                removing `math shift' on input line 30.


<fig_IIO_Qu_expcos_eps10lamSILVERVACUUM.pdf, id=16, 563.10374pt x 422.57875pt>
File: fig_IIO_Qu_expcos_eps10lamSILVERVACUUM.pdf Graphic file (type pdf)

<use fig_IIO_Qu_expcos_eps10lamSILVERVACUUM.pdf>
Package pdftex.def Info: fig_IIO_Qu_expcos_eps10lamSILVERVACUUM.pdf used on inp
ut line 38.
(pdftex.def)             Requested size: 177.06458pt x 132.87442pt.

<fig_IIO_Sw_expcos_eps10lamSILVERVACUUM.pdf, id=17, 563.10374pt x 422.57875pt>
File: fig_IIO_Sw_expcos_eps10lamSILVERVACUUM.pdf Graphic file (type pdf)

<use fig_IIO_Sw_expcos_eps10lamSILVERVACUUM.pdf>
Package pdftex.def Info: fig_IIO_Sw_expcos_eps10lamSILVERVACUUM.pdf used on inp
ut line 42.
(pdftex.def)             Requested size: 177.06458pt x 132.87442pt.

<fig_IIO_BU_expcos_eps10lamSILVERVACUUM.pdf, id=18, 479.7925pt x 385.44pt>
File: fig_IIO_BU_expcos_eps10lamSILVERVACUUM.pdf Graphic file (type pdf)

<use fig_IIO_BU_expcos_eps10lamSILVERVACUUM.pdf>
Package pdftex.def Info: fig_IIO_BU_expcos_eps10lamSILVERVACUUM.pdf used on inp
ut line 46.
(pdftex.def)             Requested size: 177.06458pt x 142.24593pt.

<fig_IIO_BUratiolam_expcos_eps10SILVERVACUUM.pdf, id=19, 481.8pt x 385.44pt>
File: fig_IIO_BUratiolam_expcos_eps10SILVERVACUUM.pdf Graphic file (type pdf)

<use fig_IIO_BUratiolam_expcos_eps10SILVERVACUUM.pdf>
Package pdftex.def Info: fig_IIO_BUratiolam_expcos_eps10SILVERVACUUM.pdf used o
n input line 50.
(pdftex.def)             Requested size: 177.06458pt x 141.6519pt.

<fig_IIO_UWlam_expcos_eps10SILVERVACUUM.pdf, id=20, 479.7925pt x 387.4475pt>
File: fig_IIO_UWlam_expcos_eps10SILVERVACUUM.pdf Graphic file (type pdf)

<use fig_IIO_UWlam_expcos_eps10SILVERVACUUM.pdf>
Package pdftex.def Info: fig_IIO_UWlam_expcos_eps10SILVERVACUUM.pdf used on inp
ut line 54.
(pdftex.def)             Requested size: 177.06458pt x 142.98679pt.

<fig_IIO_QuSwlam_expcos_eps10SILVERVACUUM.pdf, id=21, 469.755pt x 385.44pt>
File: fig_IIO_QuSwlam_expcos_eps10SILVERVACUUM.pdf Graphic file (type pdf)

<use fig_IIO_QuSwlam_expcos_eps10SILVERVACUUM.pdf>
Package pdftex.def Info: fig_IIO_QuSwlam_expcos_eps10SILVERVACUUM.pdf used on i
nput line 58.
(pdftex.def)             Requested size: 177.06458pt x 145.28069pt.
 [1

{/usr/local/texlive/2015/texmf-var/fonts/map/pdftex/updmap/pdftex.map}pdfTeX wa
rning (ext4): destination with the same identifier (name{figure.1}) has been al
ready used, duplicate ignored

\AtBegShi@Output ...ipout \box \AtBeginShipoutBox 
                                                  \fi \fi 
l.62 \newpage
              <./fig_IIO_Qu_expcos_eps10lamSILVERVACUUM.pdf> <./fig_IIO_Sw_expc
os_eps10lamSILVERVACUUM.pdf> <./fig_IIO_BU_expcos_eps10lamSILVERVACUUM.pdf> <./
fig_IIO_BUratiolam_expcos_eps10SILVERVACUUM.pdf> <./fig_IIO_UWlam_expcos_eps10S
ILVERVACUUM.pdf> <./fig_IIO_QuSwlam_expcos_eps10SILVERVACUUM.pdf>]
<fig_IIO_Qu_expcos_eps20lamSILVERVACUUM.pdf, id=75, 563.10374pt x 422.57875pt>
File: fig_IIO_Qu_expcos_eps20lamSILVERVACUUM.pdf Graphic file (type pdf)

<use fig_IIO_Qu_expcos_eps20lamSILVERVACUUM.pdf>
Package pdftex.def Info: fig_IIO_Qu_expcos_eps20lamSILVERVACUUM.pdf used on inp
ut line 70.
(pdftex.def)             Requested size: 177.06458pt x 132.87442pt.

<fig_IIO_Sw_expcos_eps20lamSILVERVACUUM.pdf, id=76, 563.10374pt x 422.57875pt>
File: fig_IIO_Sw_expcos_eps20lamSILVERVACUUM.pdf Graphic file (type pdf)

<use fig_IIO_Sw_expcos_eps20lamSILVERVACUUM.pdf>
Package pdftex.def Info: fig_IIO_Sw_expcos_eps20lamSILVERVACUUM.pdf used on inp
ut line 74.
(pdftex.def)             Requested size: 177.06458pt x 132.87442pt.

<fig_IIO_BU_expcos_eps20lamSILVERVACUUM.pdf, id=77, 474.77374pt x 385.44pt>
File: fig_IIO_BU_expcos_eps20lamSILVERVACUUM.pdf Graphic file (type pdf)

<use fig_IIO_BU_expcos_eps20lamSILVERVACUUM.pdf>
Package pdftex.def Info: fig_IIO_BU_expcos_eps20lamSILVERVACUUM.pdf used on inp
ut line 78.
(pdftex.def)             Requested size: 177.06458pt x 143.74565pt.

<fig_IIO_BUratiolam_expcos_eps20SILVERVACUUM.pdf, id=78, 481.8pt x 385.44pt>
File: fig_IIO_BUratiolam_expcos_eps20SILVERVACUUM.pdf Graphic file (type pdf)

<use fig_IIO_BUratiolam_expcos_eps20SILVERVACUUM.pdf>
Package pdftex.def Info: fig_IIO_BUratiolam_expcos_eps20SILVERVACUUM.pdf used o
n input line 82.
(pdftex.def)             Requested size: 177.06458pt x 141.6519pt.

<fig_IIO_UWlam_expcos_eps20SILVERVACUUM.pdf, id=79, 479.7925pt x 387.4475pt>
File: fig_IIO_UWlam_expcos_eps20SILVERVACUUM.pdf Graphic file (type pdf)

<use fig_IIO_UWlam_expcos_eps20SILVERVACUUM.pdf>
Package pdftex.def Info: fig_IIO_UWlam_expcos_eps20SILVERVACUUM.pdf used on inp
ut line 85.
(pdftex.def)             Requested size: 177.06458pt x 142.98679pt.

<fig_IIO_QuSwlam_expcos_eps20SILVERVACUUM.pdf, id=80, 469.755pt x 385.44pt>
File: fig_IIO_QuSwlam_expcos_eps20SILVERVACUUM.pdf Graphic file (type pdf)

<use fig_IIO_QuSwlam_expcos_eps20SILVERVACUUM.pdf>
Package pdftex.def Info: fig_IIO_QuSwlam_expcos_eps20SILVERVACUUM.pdf used on i
nput line 89.
(pdftex.def)             Requested size: 177.06458pt x 145.28069pt.
 [2pdfTeX warning (ext4): destination with the same identifier (name{figure.2})
 has been already used, duplicate ignored

\AtBegShi@Output ...ipout \box \AtBeginShipoutBox 
                                                  \fi \fi 
l.93 \newpage
              <./fig_IIO_Qu_expcos_eps20lamSILVERVACUUM.pdf> <./fig_IIO_Sw_expc
os_eps20lamSILVERVACUUM.pdf> <./fig_IIO_BU_expcos_eps20lamSILVERVACUUM.pdf> <./
fig_IIO_BUratiolam_expcos_eps20SILVERVACUUM.pdf> <./fig_IIO_UWlam_expcos_eps20S
ILVERVACUUM.pdf> <./fig_IIO_QuSwlam_expcos_eps20SILVERVACUUM.pdf>]
<fig_IIO_Qu_expcos_eps10lamSILVERWATER.pdf, id=125, 563.10374pt x 422.57875pt>
File: fig_IIO_Qu_expcos_eps10lamSILVERWATER.pdf Graphic file (type pdf)

<use fig_IIO_Qu_expcos_eps10lamSILVERWATER.pdf>
Package pdftex.def Info: fig_IIO_Qu_expcos_eps10lamSILVERWATER.pdf used on inpu
t line 101.
(pdftex.def)             Requested size: 177.06458pt x 132.87442pt.

<fig_IIO_Sw_expcos_eps10lamSILVERWATER.pdf, id=126, 563.10374pt x 422.57875pt>
File: fig_IIO_Sw_expcos_eps10lamSILVERWATER.pdf Graphic file (type pdf)

<use fig_IIO_Sw_expcos_eps10lamSILVERWATER.pdf>
Package pdftex.def Info: fig_IIO_Sw_expcos_eps10lamSILVERWATER.pdf used on inpu
t line 105.
(pdftex.def)             Requested size: 177.06458pt x 132.87442pt.

<fig_IIO_BU_expcos_eps10lamSILVERWATER.pdf, id=127, 479.7925pt x 385.44pt>
File: fig_IIO_BU_expcos_eps10lamSILVERWATER.pdf Graphic file (type pdf)

<use fig_IIO_BU_expcos_eps10lamSILVERWATER.pdf>
Package pdftex.def Info: fig_IIO_BU_expcos_eps10lamSILVERWATER.pdf used on inpu
t line 109.
(pdftex.def)             Requested size: 177.06458pt x 142.24593pt.

<fig_IIO_BUratiolam_expcos_eps10SILVERWATER.pdf, id=128, 481.8pt x 385.44pt>
File: fig_IIO_BUratiolam_expcos_eps10SILVERWATER.pdf Graphic file (type pdf)

<use fig_IIO_BUratiolam_expcos_eps10SILVERWATER.pdf>
Package pdftex.def Info: fig_IIO_BUratiolam_expcos_eps10SILVERWATER.pdf used on
 input line 113.
(pdftex.def)             Requested size: 177.06458pt x 141.6519pt.

<fig_IIO_UWlam_expcos_eps10SILVERWATER.pdf, id=129, 479.7925pt x 387.4475pt>
File: fig_IIO_UWlam_expcos_eps10SILVERWATER.pdf Graphic file (type pdf)

<use fig_IIO_UWlam_expcos_eps10SILVERWATER.pdf>
Package pdftex.def Info: fig_IIO_UWlam_expcos_eps10SILVERWATER.pdf used on inpu
t line 117.
(pdftex.def)             Requested size: 177.06458pt x 142.98679pt.

<fig_IIO_QuSwlam_expcos_eps10SILVERWATER.pdf, id=130, 469.755pt x 385.44pt>
File: fig_IIO_QuSwlam_expcos_eps10SILVERWATER.pdf Graphic file (type pdf)

<use fig_IIO_QuSwlam_expcos_eps10SILVERWATER.pdf>
Package pdftex.def Info: fig_IIO_QuSwlam_expcos_eps10SILVERWATER.pdf used on in
put line 121.
(pdftex.def)             Requested size: 177.06458pt x 145.28069pt.
 [3pdfTeX warning (ext4): destination with the same identifier (name{figure.3})
 has been already used, duplicate ignored

\AtBegShi@Output ...ipout \box \AtBeginShipoutBox 
                                                  \fi \fi 
l.125 \newpage
               <./fig_IIO_Qu_expcos_eps10lamSILVERWATER.pdf> <./fig_IIO_Sw_expc
os_eps10lamSILVERWATER.pdf> <./fig_IIO_BU_expcos_eps10lamSILVERWATER.pdf> <./fi
g_IIO_BUratiolam_expcos_eps10SILVERWATER.pdf> <./fig_IIO_UWlam_expcos_eps10SILV
ERWATER.pdf> <./fig_IIO_QuSwlam_expcos_eps10SILVERWATER.pdf>]
<fig_IIO_Qu_expcos_eps20lamSILVERWATER.pdf, id=175, 563.10374pt x 422.57875pt>
File: fig_IIO_Qu_expcos_eps20lamSILVERWATER.pdf Graphic file (type pdf)

<use fig_IIO_Qu_expcos_eps20lamSILVERWATER.pdf>
Package pdftex.def Info: fig_IIO_Qu_expcos_eps20lamSILVERWATER.pdf used on inpu
t line 133.
(pdftex.def)             Requested size: 177.06458pt x 132.87442pt.

<fig_IIO_Sw_expcos_eps20lamSILVERWATER.pdf, id=176, 563.10374pt x 422.57875pt>
File: fig_IIO_Sw_expcos_eps20lamSILVERWATER.pdf Graphic file (type pdf)

<use fig_IIO_Sw_expcos_eps20lamSILVERWATER.pdf>
Package pdftex.def Info: fig_IIO_Sw_expcos_eps20lamSILVERWATER.pdf used on inpu
t line 137.
(pdftex.def)             Requested size: 177.06458pt x 132.87442pt.

<fig_IIO_BU_expcos_eps20lamSILVERWATER.pdf, id=177, 474.77374pt x 385.44pt>
File: fig_IIO_BU_expcos_eps20lamSILVERWATER.pdf Graphic file (type pdf)

<use fig_IIO_BU_expcos_eps20lamSILVERWATER.pdf>
Package pdftex.def Info: fig_IIO_BU_expcos_eps20lamSILVERWATER.pdf used on inpu
t line 141.
(pdftex.def)             Requested size: 177.06458pt x 143.74565pt.

<fig_IIO_BUratiolam_expcos_eps20SILVERWATER.pdf, id=178, 475.7775pt x 385.44pt>
File: fig_IIO_BUratiolam_expcos_eps20SILVERWATER.pdf Graphic file (type pdf)
<use fig_IIO_BUratiolam_expcos_eps20SILVERWATER.pdf>
Package pdftex.def Info: fig_IIO_BUratiolam_expcos_eps20SILVERWATER.pdf used on
 input line 145.
(pdftex.def)             Requested size: 177.06458pt x 143.44571pt.

<fig_IIO_UWlam_expcos_eps20SILVERWATER.pdf, id=179, 479.7925pt x 387.4475pt>
File: fig_IIO_UWlam_expcos_eps20SILVERWATER.pdf Graphic file (type pdf)

<use fig_IIO_UWlam_expcos_eps20SILVERWATER.pdf>
Package pdftex.def Info: fig_IIO_UWlam_expcos_eps20SILVERWATER.pdf used on inpu
t line 149.
(pdftex.def)             Requested size: 177.06458pt x 142.98679pt.

<fig_IIO_QuSwlam_expcos_eps20SILVERWATER.pdf, id=180, 469.755pt x 385.44pt>
File: fig_IIO_QuSwlam_expcos_eps20SILVERWATER.pdf Graphic file (type pdf)

<use fig_IIO_QuSwlam_expcos_eps20SILVERWATER.pdf>
Package pdftex.def Info: fig_IIO_QuSwlam_expcos_eps20SILVERWATER.pdf used on in
put line 153.
(pdftex.def)             Requested size: 177.06458pt x 145.28069pt.
 [4pdfTeX warning (ext4): destination with the same identifier (name{figure.4})
 has been already used, duplicate ignored

\AtBegShi@Output ...ipout \box \AtBeginShipoutBox 
                                                  \fi \fi 
l.157 \newpage
               <./fig_IIO_Qu_expcos_eps20lamSILVERWATER.pdf> <./fig_IIO_Sw_expc
os_eps20lamSILVERWATER.pdf> <./fig_IIO_BU_expcos_eps20lamSILVERWATER.pdf> <./fi
g_IIO_BUratiolam_expcos_eps20SILVERWATER.pdf> <./fig_IIO_UWlam_expcos_eps20SILV
ERWATER.pdf> <./fig_IIO_QuSwlam_expcos_eps20SILVERWATER.pdf>]

Package hyperref Warning: Token not allowed in a PDF string (PDFDocEncoding):
(hyperref)                removing `math shift' on input line 158.


Package hyperref Warning: Token not allowed in a PDF string (PDFDocEncoding):
(hyperref)                removing `\mathop' on input line 158.


Package hyperref Warning: Token not allowed in a PDF string (PDFDocEncoding):
(hyperref)                removing `\mathgroup' on input line 158.


Package hyperref Warning: Token not allowed in a PDF string (PDFDocEncoding):
(hyperref)                removing `\symoperators' on input line 158.


Package hyperref Warning: Token not allowed in a PDF string (PDFDocEncoding):
(hyperref)                removing `\@ifnextchar' on input line 158.


Package hyperref Warning: Token not allowed in a PDF string (PDFDocEncoding):
(hyperref)                removing `\theta' on input line 158.


Package hyperref Warning: Token not allowed in a PDF string (PDFDocEncoding):
(hyperref)                removing `math shift' on input line 158.

<fig_IIO_Qu_cos2_eps10lamSILVERVACUUM.pdf, id=226, 563.10374pt x 422.57875pt>
File: fig_IIO_Qu_cos2_eps10lamSILVERVACUUM.pdf Graphic file (type pdf)

<use fig_IIO_Qu_cos2_eps10lamSILVERVACUUM.pdf>
Package pdftex.def Info: fig_IIO_Qu_cos2_eps10lamSILVERVACUUM.pdf used on input
 line 166.
(pdftex.def)             Requested size: 177.06458pt x 132.87442pt.

<fig_IIO_Sw_cos2_eps10lamSILVERVACUUM.pdf, id=227, 563.10374pt x 422.57875pt>
File: fig_IIO_Sw_cos2_eps10lamSILVERVACUUM.pdf Graphic file (type pdf)

<use fig_IIO_Sw_cos2_eps10lamSILVERVACUUM.pdf>
Package pdftex.def Info: fig_IIO_Sw_cos2_eps10lamSILVERVACUUM.pdf used on input
 line 170.
(pdftex.def)             Requested size: 177.06458pt x 132.87442pt.

<fig_IIO_BU_cos2_eps10lamSILVERVACUUM.pdf, id=228, 479.7925pt x 385.44pt>
File: fig_IIO_BU_cos2_eps10lamSILVERVACUUM.pdf Graphic file (type pdf)

<use fig_IIO_BU_cos2_eps10lamSILVERVACUUM.pdf>
Package pdftex.def Info: fig_IIO_BU_cos2_eps10lamSILVERVACUUM.pdf used on input
 line 174.
(pdftex.def)             Requested size: 177.06458pt x 142.24593pt.

<fig_IIO_BUratiolam_cos2_eps10SILVERVACUUM.pdf, id=229, 481.8pt x 385.44pt>
File: fig_IIO_BUratiolam_cos2_eps10SILVERVACUUM.pdf Graphic file (type pdf)

<use fig_IIO_BUratiolam_cos2_eps10SILVERVACUUM.pdf>
Package pdftex.def Info: fig_IIO_BUratiolam_cos2_eps10SILVERVACUUM.pdf used on 
input line 178.
(pdftex.def)             Requested size: 177.06458pt x 141.6519pt.

<fig_IIO_UWlam_cos2_eps10SILVERVACUUM.pdf, id=230, 479.7925pt x 387.4475pt>
File: fig_IIO_UWlam_cos2_eps10SILVERVACUUM.pdf Graphic file (type pdf)

<use fig_IIO_UWlam_cos2_eps10SILVERVACUUM.pdf>
Package pdftex.def Info: fig_IIO_UWlam_cos2_eps10SILVERVACUUM.pdf used on input
 line 182.
(pdftex.def)             Requested size: 177.06458pt x 142.98679pt.

<fig_IIO_QuSwlam_cos2_eps10SILVERVACUUM.pdf, id=231, 469.755pt x 385.44pt>
File: fig_IIO_QuSwlam_cos2_eps10SILVERVACUUM.pdf Graphic file (type pdf)

<use fig_IIO_QuSwlam_cos2_eps10SILVERVACUUM.pdf>
Package pdftex.def Info: fig_IIO_QuSwlam_cos2_eps10SILVERVACUUM.pdf used on inp
ut line 186.
(pdftex.def)             Requested size: 177.06458pt x 145.28069pt.
 [5pdfTeX warning (ext4): destination with the same identifier (name{figure.5})
 has been already used, duplicate ignored

\AtBegShi@Output ...ipout \box \AtBeginShipoutBox 
                                                  \fi \fi 
l.190 \newpage
               <./fig_IIO_Qu_cos2_eps10lamSILVERVACUUM.pdf> <./fig_IIO_Sw_cos2_
eps10lamSILVERVACUUM.pdf> <./fig_IIO_BU_cos2_eps10lamSILVERVACUUM.pdf> <./fig_I
IO_BUratiolam_cos2_eps10SILVERVACUUM.pdf> <./fig_IIO_UWlam_cos2_eps10SILVERVACU
UM.pdf> <./fig_IIO_QuSwlam_cos2_eps10SILVERVACUUM.pdf>]
<fig_IIO_Qu_cos2_eps20lamSILVERVACUUM.pdf, id=276, 563.10374pt x 422.57875pt>
File: fig_IIO_Qu_cos2_eps20lamSILVERVACUUM.pdf Graphic file (type pdf)

<use fig_IIO_Qu_cos2_eps20lamSILVERVACUUM.pdf>
Package pdftex.def Info: fig_IIO_Qu_cos2_eps20lamSILVERVACUUM.pdf used on input
 line 198.
(pdftex.def)             Requested size: 177.06458pt x 132.87442pt.

<fig_IIO_Sw_cos2_eps20lamSILVERVACUUM.pdf, id=277, 563.10374pt x 422.57875pt>
File: fig_IIO_Sw_cos2_eps20lamSILVERVACUUM.pdf Graphic file (type pdf)

<use fig_IIO_Sw_cos2_eps20lamSILVERVACUUM.pdf>
Package pdftex.def Info: fig_IIO_Sw_cos2_eps20lamSILVERVACUUM.pdf used on input
 line 202.
(pdftex.def)             Requested size: 177.06458pt x 132.87442pt.

<fig_IIO_BU_cos2_eps20lamSILVERVACUUM.pdf, id=278, 474.77374pt x 385.44pt>
File: fig_IIO_BU_cos2_eps20lamSILVERVACUUM.pdf Graphic file (type pdf)

<use fig_IIO_BU_cos2_eps20lamSILVERVACUUM.pdf>
Package pdftex.def Info: fig_IIO_BU_cos2_eps20lamSILVERVACUUM.pdf used on input
 line 206.
(pdftex.def)             Requested size: 177.06458pt x 143.74565pt.

<fig_IIO_BUratiolam_cos2_eps20SILVERVACUUM.pdf, id=279, 475.7775pt x 385.44pt>
File: fig_IIO_BUratiolam_cos2_eps20SILVERVACUUM.pdf Graphic file (type pdf)

<use fig_IIO_BUratiolam_cos2_eps20SILVERVACUUM.pdf>
Package pdftex.def Info: fig_IIO_BUratiolam_cos2_eps20SILVERVACUUM.pdf used on 
input line 210.
(pdftex.def)             Requested size: 177.06458pt x 143.44571pt.

<fig_IIO_UWlam_cos2_eps20SILVERVACUUM.pdf, id=280, 479.7925pt x 387.4475pt>
File: fig_IIO_UWlam_cos2_eps20SILVERVACUUM.pdf Graphic file (type pdf)

<use fig_IIO_UWlam_cos2_eps20SILVERVACUUM.pdf>
Package pdftex.def Info: fig_IIO_UWlam_cos2_eps20SILVERVACUUM.pdf used on input
 line 213.
(pdftex.def)             Requested size: 177.06458pt x 142.98679pt.

<fig_IIO_QuSwlam_cos2_eps20SILVERVACUUM.pdf, id=281, 469.755pt x 385.44pt>
File: fig_IIO_QuSwlam_cos2_eps20SILVERVACUUM.pdf Graphic file (type pdf)

<use fig_IIO_QuSwlam_cos2_eps20SILVERVACUUM.pdf>
Package pdftex.def Info: fig_IIO_QuSwlam_cos2_eps20SILVERVACUUM.pdf used on inp
ut line 217.
(pdftex.def)             Requested size: 177.06458pt x 145.28069pt.
 [6pdfTeX warning (ext4): destination with the same identifier (name{figure.6})
 has been already used, duplicate ignored

\AtBegShi@Output ...ipout \box \AtBeginShipoutBox 
                                                  \fi \fi 
l.221 \newpage
               <./fig_IIO_Qu_cos2_eps20lamSILVERVACUUM.pdf> <./fig_IIO_Sw_cos2_
eps20lamSILVERVACUUM.pdf> <./fig_IIO_BU_cos2_eps20lamSILVERVACUUM.pdf> <./fig_I
IO_BUratiolam_cos2_eps20SILVERVACUUM.pdf> <./fig_IIO_UWlam_cos2_eps20SILVERVACU
UM.pdf> <./fig_IIO_QuSwlam_cos2_eps20SILVERVACUUM.pdf>]
<fig_IIO_Qu_cos2_eps10lamSILVERWATER.pdf, id=326, 563.10374pt x 422.57875pt>
File: fig_IIO_Qu_cos2_eps10lamSILVERWATER.pdf Graphic file (type pdf)

<use fig_IIO_Qu_cos2_eps10lamSILVERWATER.pdf>
Package pdftex.def Info: fig_IIO_Qu_cos2_eps10lamSILVERWATER.pdf used on input 
line 229.
(pdftex.def)             Requested size: 177.06458pt x 132.87442pt.

<fig_IIO_Sw_cos2_eps10lamSILVERWATER.pdf, id=327, 563.10374pt x 422.57875pt>
File: fig_IIO_Sw_cos2_eps10lamSILVERWATER.pdf Graphic file (type pdf)

<use fig_IIO_Sw_cos2_eps10lamSILVERWATER.pdf>
Package pdftex.def Info: fig_IIO_Sw_cos2_eps10lamSILVERWATER.pdf used on input 
line 233.
(pdftex.def)             Requested size: 177.06458pt x 132.87442pt.

<fig_IIO_BU_cos2_eps10lamSILVERWATER.pdf, id=328, 479.7925pt x 385.44pt>
File: fig_IIO_BU_cos2_eps10lamSILVERWATER.pdf Graphic file (type pdf)

<use fig_IIO_BU_cos2_eps10lamSILVERWATER.pdf>
Package pdftex.def Info: fig_IIO_BU_cos2_eps10lamSILVERWATER.pdf used on input 
line 237.
(pdftex.def)             Requested size: 177.06458pt x 142.24593pt.

<fig_IIO_BUratiolam_cos2_eps10SILVERWATER.pdf, id=329, 481.8pt x 385.44pt>
File: fig_IIO_BUratiolam_cos2_eps10SILVERWATER.pdf Graphic file (type pdf)

<use fig_IIO_BUratiolam_cos2_eps10SILVERWATER.pdf>
Package pdftex.def Info: fig_IIO_BUratiolam_cos2_eps10SILVERWATER.pdf used on i
nput line 241.
(pdftex.def)             Requested size: 177.06458pt x 141.6519pt.

<fig_IIO_UWlam_cos2_eps10SILVERWATER.pdf, id=330, 479.7925pt x 387.4475pt>
File: fig_IIO_UWlam_cos2_eps10SILVERWATER.pdf Graphic file (type pdf)

<use fig_IIO_UWlam_cos2_eps10SILVERWATER.pdf>
Package pdftex.def Info: fig_IIO_UWlam_cos2_eps10SILVERWATER.pdf used on input 
line 245.
(pdftex.def)             Requested size: 177.06458pt x 142.98679pt.

<fig_IIO_QuSwlam_cos2_eps10SILVERWATER.pdf, id=331, 469.755pt x 385.44pt>
File: fig_IIO_QuSwlam_cos2_eps10SILVERWATER.pdf Graphic file (type pdf)

<use fig_IIO_QuSwlam_cos2_eps10SILVERWATER.pdf>
Package pdftex.def Info: fig_IIO_QuSwlam_cos2_eps10SILVERWATER.pdf used on inpu
t line 249.
(pdftex.def)             Requested size: 177.06458pt x 145.28069pt.
 [7pdfTeX warning (ext4): destination with the same identifier (name{figure.7})
 has been already used, duplicate ignored

\AtBegShi@Output ...ipout \box \AtBeginShipoutBox 
                                                  \fi \fi 
l.253 \newpage
               <./fig_IIO_Qu_cos2_eps10lamSILVERWATER.pdf> <./fig_IIO_Sw_cos2_e
ps10lamSILVERWATER.pdf> <./fig_IIO_BU_cos2_eps10lamSILVERWATER.pdf> <./fig_IIO_
BUratiolam_cos2_eps10SILVERWATER.pdf> <./fig_IIO_UWlam_cos2_eps10SILVERWATER.pd
f> <./fig_IIO_QuSwlam_cos2_eps10SILVERWATER.pdf>]
<fig_IIO_Qu_cos2_eps20lamSILVERWATER.pdf, id=378, 563.10374pt x 422.57875pt>
File: fig_IIO_Qu_cos2_eps20lamSILVERWATER.pdf Graphic file (type pdf)

<use fig_IIO_Qu_cos2_eps20lamSILVERWATER.pdf>
Package pdftex.def Info: fig_IIO_Qu_cos2_eps20lamSILVERWATER.pdf used on input 
line 261.
(pdftex.def)             Requested size: 177.06458pt x 132.87442pt.

<fig_IIO_Sw_cos2_eps20lamSILVERWATER.pdf, id=379, 563.10374pt x 422.57875pt>
File: fig_IIO_Sw_cos2_eps20lamSILVERWATER.pdf Graphic file (type pdf)

<use fig_IIO_Sw_cos2_eps20lamSILVERWATER.pdf>
Package pdftex.def Info: fig_IIO_Sw_cos2_eps20lamSILVERWATER.pdf used on input 
line 265.
(pdftex.def)             Requested size: 177.06458pt x 132.87442pt.

<fig_IIO_BU_cos2_eps20lamSILVERWATER.pdf, id=380, 474.77374pt x 385.44pt>
File: fig_IIO_BU_cos2_eps20lamSILVERWATER.pdf Graphic file (type pdf)

<use fig_IIO_BU_cos2_eps20lamSILVERWATER.pdf>
Package pdftex.def Info: fig_IIO_BU_cos2_eps20lamSILVERWATER.pdf used on input 
line 269.
(pdftex.def)             Requested size: 177.06458pt x 143.74565pt.

<fig_IIO_BUratiolam_cos2_eps20SILVERWATER.pdf, id=381, 475.7775pt x 385.44pt>
File: fig_IIO_BUratiolam_cos2_eps20SILVERWATER.pdf Graphic file (type pdf)

<use fig_IIO_BUratiolam_cos2_eps20SILVERWATER.pdf>
Package pdftex.def Info: fig_IIO_BUratiolam_cos2_eps20SILVERWATER.pdf used on i
nput line 273.
(pdftex.def)             Requested size: 177.06458pt x 143.44571pt.

<fig_IIO_UWlam_cos2_eps20SILVERWATER.pdf, id=382, 479.7925pt x 387.4475pt>
File: fig_IIO_UWlam_cos2_eps20SILVERWATER.pdf Graphic file (type pdf)

<use fig_IIO_UWlam_cos2_eps20SILVERWATER.pdf>
Package pdftex.def Info: fig_IIO_UWlam_cos2_eps20SILVERWATER.pdf used on input 
line 277.
(pdftex.def)             Requested size: 177.06458pt x 142.98679pt.

<fig_IIO_QuSwlam_cos2_eps20SILVERWATER.pdf, id=383, 469.755pt x 385.44pt>
File: fig_IIO_QuSwlam_cos2_eps20SILVERWATER.pdf Graphic file (type pdf)

<use fig_IIO_QuSwlam_cos2_eps20SILVERWATER.pdf>
Package pdftex.def Info: fig_IIO_QuSwlam_cos2_eps20SILVERWATER.pdf used on inpu
t line 281.
(pdftex.def)             Requested size: 177.06458pt x 145.28069pt.
 [8pdfTeX warning (ext4): destination with the same identifier (name{figure.8})
 has been already used, duplicate ignored

\AtBegShi@Output ...ipout \box \AtBeginShipoutBox 
                                                  \fi \fi 
l.285 \newpage
               <./fig_IIO_Qu_cos2_eps20lamSILVERWATER.pdf> <./fig_IIO_Sw_cos2_e
ps20lamSILVERWATER.pdf> <./fig_IIO_BU_cos2_eps20lamSILVERWATER.pdf> <./fig_IIO_
BUratiolam_cos2_eps20SILVERWATER.pdf> <./fig_IIO_UWlam_cos2_eps20SILVERWATER.pd
f> <./fig_IIO_QuSwlam_cos2_eps20SILVERWATER.pdf>]

Package hyperref Warning: Token not allowed in a PDF string (PDFDocEncoding):
(hyperref)                removing `math shift' on input line 286.


Package hyperref Warning: Token not allowed in a PDF string (PDFDocEncoding):
(hyperref)                removing `\mathop' on input line 286.


Package hyperref Warning: Token not allowed in a PDF string (PDFDocEncoding):
(hyperref)                removing `\mathgroup' on input line 286.


Package hyperref Warning: Token not allowed in a PDF string (PDFDocEncoding):
(hyperref)                removing `\symoperators' on input line 286.


Package hyperref Warning: Token not allowed in a PDF string (PDFDocEncoding):
(hyperref)                removing `\@ifnextchar' on input line 286.


Package hyperref Warning: Token not allowed in a PDF string (PDFDocEncoding):
(hyperref)                removing `\theta' on input line 286.


Package hyperref Warning: Token not allowed in a PDF string (PDFDocEncoding):
(hyperref)                removing `math shift' on input line 286.

<fig_IIO_Qu_cos4_eps10lamSILVERVACUUM.pdf, id=428, 563.10374pt x 422.57875pt>
File: fig_IIO_Qu_cos4_eps10lamSILVERVACUUM.pdf Graphic file (type pdf)

<use fig_IIO_Qu_cos4_eps10lamSILVERVACUUM.pdf>
Package pdftex.def Info: fig_IIO_Qu_cos4_eps10lamSILVERVACUUM.pdf used on input
 line 294.
(pdftex.def)             Requested size: 177.06458pt x 132.87442pt.

<fig_IIO_Sw_cos4_eps10lamSILVERVACUUM.pdf, id=429, 563.10374pt x 422.57875pt>
File: fig_IIO_Sw_cos4_eps10lamSILVERVACUUM.pdf Graphic file (type pdf)

<use fig_IIO_Sw_cos4_eps10lamSILVERVACUUM.pdf>
Package pdftex.def Info: fig_IIO_Sw_cos4_eps10lamSILVERVACUUM.pdf used on input
 line 298.
(pdftex.def)             Requested size: 177.06458pt x 132.87442pt.

<fig_IIO_BU_cos4_eps10lamSILVERVACUUM.pdf, id=430, 479.7925pt x 385.44pt>
File: fig_IIO_BU_cos4_eps10lamSILVERVACUUM.pdf Graphic file (type pdf)

<use fig_IIO_BU_cos4_eps10lamSILVERVACUUM.pdf>
Package pdftex.def Info: fig_IIO_BU_cos4_eps10lamSILVERVACUUM.pdf used on input
 line 302.
(pdftex.def)             Requested size: 177.06458pt x 142.24593pt.

<fig_IIO_BUratiolam_cos4_eps10SILVERVACUUM.pdf, id=431, 481.8pt x 385.44pt>
File: fig_IIO_BUratiolam_cos4_eps10SILVERVACUUM.pdf Graphic file (type pdf)

<use fig_IIO_BUratiolam_cos4_eps10SILVERVACUUM.pdf>
Package pdftex.def Info: fig_IIO_BUratiolam_cos4_eps10SILVERVACUUM.pdf used on 
input line 306.
(pdftex.def)             Requested size: 177.06458pt x 141.6519pt.

<fig_IIO_UWlam_cos4_eps10SILVERVACUUM.pdf, id=432, 479.7925pt x 387.4475pt>
File: fig_IIO_UWlam_cos4_eps10SILVERVACUUM.pdf Graphic file (type pdf)

<use fig_IIO_UWlam_cos4_eps10SILVERVACUUM.pdf>
Package pdftex.def Info: fig_IIO_UWlam_cos4_eps10SILVERVACUUM.pdf used on input
 line 310.
(pdftex.def)             Requested size: 177.06458pt x 142.98679pt.

<fig_IIO_QuSwlam_cos4_eps10SILVERVACUUM.pdf, id=433, 469.755pt x 385.44pt>
File: fig_IIO_QuSwlam_cos4_eps10SILVERVACUUM.pdf Graphic file (type pdf)

<use fig_IIO_QuSwlam_cos4_eps10SILVERVACUUM.pdf>
Package pdftex.def Info: fig_IIO_QuSwlam_cos4_eps10SILVERVACUUM.pdf used on inp
ut line 314.
(pdftex.def)             Requested size: 177.06458pt x 145.28069pt.
 [9pdfTeX warning (ext4): destination with the same identifier (name{figure.9})
 has been already used, duplicate ignored

\AtBegShi@Output ...ipout \box \AtBeginShipoutBox 
                                                  \fi \fi 
l.318 \newpage
               <./fig_IIO_Qu_cos4_eps10lamSILVERVACUUM.pdf> <./fig_IIO_Sw_cos4_
eps10lamSILVERVACUUM.pdf> <./fig_IIO_BU_cos4_eps10lamSILVERVACUUM.pdf> <./fig_I
IO_BUratiolam_cos4_eps10SILVERVACUUM.pdf> <./fig_IIO_UWlam_cos4_eps10SILVERVACU
UM.pdf> <./fig_IIO_QuSwlam_cos4_eps10SILVERVACUUM.pdf>]
<fig_IIO_Qu_cos4_eps20lamSILVERVACUUM.pdf, id=478, 563.10374pt x 422.57875pt>
File: fig_IIO_Qu_cos4_eps20lamSILVERVACUUM.pdf Graphic file (type pdf)

<use fig_IIO_Qu_cos4_eps20lamSILVERVACUUM.pdf>
Package pdftex.def Info: fig_IIO_Qu_cos4_eps20lamSILVERVACUUM.pdf used on input
 line 326.
(pdftex.def)             Requested size: 177.06458pt x 132.87442pt.

<fig_IIO_Sw_cos4_eps20lamSILVERVACUUM.pdf, id=479, 563.10374pt x 422.57875pt>
File: fig_IIO_Sw_cos4_eps20lamSILVERVACUUM.pdf Graphic file (type pdf)

<use fig_IIO_Sw_cos4_eps20lamSILVERVACUUM.pdf>
Package pdftex.def Info: fig_IIO_Sw_cos4_eps20lamSILVERVACUUM.pdf used on input
 line 330.
(pdftex.def)             Requested size: 177.06458pt x 132.87442pt.

<fig_IIO_BU_cos4_eps20lamSILVERVACUUM.pdf, id=480, 474.77374pt x 385.44pt>
File: fig_IIO_BU_cos4_eps20lamSILVERVACUUM.pdf Graphic file (type pdf)

<use fig_IIO_BU_cos4_eps20lamSILVERVACUUM.pdf>
Package pdftex.def Info: fig_IIO_BU_cos4_eps20lamSILVERVACUUM.pdf used on input
 line 334.
(pdftex.def)             Requested size: 177.06458pt x 143.74565pt.

<fig_IIO_BUratiolam_cos4_eps20SILVERVACUUM.pdf, id=481, 475.7775pt x 385.44pt>
File: fig_IIO_BUratiolam_cos4_eps20SILVERVACUUM.pdf Graphic file (type pdf)

<use fig_IIO_BUratiolam_cos4_eps20SILVERVACUUM.pdf>
Package pdftex.def Info: fig_IIO_BUratiolam_cos4_eps20SILVERVACUUM.pdf used on 
input line 338.
(pdftex.def)             Requested size: 177.06458pt x 143.44571pt.

<fig_IIO_UWlam_cos4_eps20SILVERVACUUM.pdf, id=482, 479.7925pt x 387.4475pt>
File: fig_IIO_UWlam_cos4_eps20SILVERVACUUM.pdf Graphic file (type pdf)

<use fig_IIO_UWlam_cos4_eps20SILVERVACUUM.pdf>
Package pdftex.def Info: fig_IIO_UWlam_cos4_eps20SILVERVACUUM.pdf used on input
 line 341.
(pdftex.def)             Requested size: 177.06458pt x 142.98679pt.

<fig_IIO_QuSwlam_cos4_eps20SILVERVACUUM.pdf, id=483, 469.755pt x 385.44pt>
File: fig_IIO_QuSwlam_cos4_eps20SILVERVACUUM.pdf Graphic file (type pdf)

<use fig_IIO_QuSwlam_cos4_eps20SILVERVACUUM.pdf>
Package pdftex.def Info: fig_IIO_QuSwlam_cos4_eps20SILVERVACUUM.pdf used on inp
ut line 345.
(pdftex.def)             Requested size: 177.06458pt x 145.28069pt.
 [10pdfTeX warning (ext4): destination with the same identifier (name{figure.10
}) has been already used, duplicate ignored

\AtBegShi@Output ...ipout \box \AtBeginShipoutBox 
                                                  \fi \fi 
l.349 \newpage
               <./fig_IIO_Qu_cos4_eps20lamSILVERVACUUM.pdf> <./fig_IIO_Sw_cos4_
eps20lamSILVERVACUUM.pdf> <./fig_IIO_BU_cos4_eps20lamSILVERVACUUM.pdf> <./fig_I
IO_BUratiolam_cos4_eps20SILVERVACUUM.pdf> <./fig_IIO_UWlam_cos4_eps20SILVERVACU
UM.pdf> <./fig_IIO_QuSwlam_cos4_eps20SILVERVACUUM.pdf>]
<fig_IIO_Qu_cos4_eps10lamSILVERWATER.pdf, id=529, 563.10374pt x 422.57875pt>
File: fig_IIO_Qu_cos4_eps10lamSILVERWATER.pdf Graphic file (type pdf)

<use fig_IIO_Qu_cos4_eps10lamSILVERWATER.pdf>
Package pdftex.def Info: fig_IIO_Qu_cos4_eps10lamSILVERWATER.pdf used on input 
line 357.
(pdftex.def)             Requested size: 177.06458pt x 132.87442pt.

<fig_IIO_Sw_cos4_eps10lamSILVERWATER.pdf, id=530, 563.10374pt x 422.57875pt>
File: fig_IIO_Sw_cos4_eps10lamSILVERWATER.pdf Graphic file (type pdf)

<use fig_IIO_Sw_cos4_eps10lamSILVERWATER.pdf>
Package pdftex.def Info: fig_IIO_Sw_cos4_eps10lamSILVERWATER.pdf used on input 
line 361.
(pdftex.def)             Requested size: 177.06458pt x 132.87442pt.

<fig_IIO_BU_cos4_eps10lamSILVERWATER.pdf, id=531, 479.7925pt x 385.44pt>
File: fig_IIO_BU_cos4_eps10lamSILVERWATER.pdf Graphic file (type pdf)

<use fig_IIO_BU_cos4_eps10lamSILVERWATER.pdf>
Package pdftex.def Info: fig_IIO_BU_cos4_eps10lamSILVERWATER.pdf used on input 
line 365.
(pdftex.def)             Requested size: 177.06458pt x 142.24593pt.

<fig_IIO_BUratiolam_cos4_eps10SILVERWATER.pdf, id=532, 475.7775pt x 385.44pt>
File: fig_IIO_BUratiolam_cos4_eps10SILVERWATER.pdf Graphic file (type pdf)

<use fig_IIO_BUratiolam_cos4_eps10SILVERWATER.pdf>
Package pdftex.def Info: fig_IIO_BUratiolam_cos4_eps10SILVERWATER.pdf used on i
nput line 369.
(pdftex.def)             Requested size: 177.06458pt x 143.44571pt.

<fig_IIO_UWlam_cos4_eps10SILVERWATER.pdf, id=533, 479.7925pt x 387.4475pt>
File: fig_IIO_UWlam_cos4_eps10SILVERWATER.pdf Graphic file (type pdf)

<use fig_IIO_UWlam_cos4_eps10SILVERWATER.pdf>
Package pdftex.def Info: fig_IIO_UWlam_cos4_eps10SILVERWATER.pdf used on input 
line 373.
(pdftex.def)             Requested size: 177.06458pt x 142.98679pt.

<fig_IIO_QuSwlam_cos4_eps10SILVERWATER.pdf, id=534, 469.755pt x 385.44pt>
File: fig_IIO_QuSwlam_cos4_eps10SILVERWATER.pdf Graphic file (type pdf)

<use fig_IIO_QuSwlam_cos4_eps10SILVERWATER.pdf>
Package pdftex.def Info: fig_IIO_QuSwlam_cos4_eps10SILVERWATER.pdf used on inpu
t line 377.
(pdftex.def)             Requested size: 177.06458pt x 145.28069pt.
 [11pdfTeX warning (ext4): destination with the same identifier (name{figure.11
}) has been already used, duplicate ignored

\AtBegShi@Output ...ipout \box \AtBeginShipoutBox 
                                                  \fi \fi 
l.381 \newpage
               <./fig_IIO_Qu_cos4_eps10lamSILVERWATER.pdf> <./fig_IIO_Sw_cos4_e
ps10lamSILVERWATER.pdf> <./fig_IIO_BU_cos4_eps10lamSILVERWATER.pdf> <./fig_IIO_
BUratiolam_cos4_eps10SILVERWATER.pdf> <./fig_IIO_UWlam_cos4_eps10SILVERWATER.pd
f> <./fig_IIO_QuSwlam_cos4_eps10SILVERWATER.pdf>]
<fig_IIO_Qu_cos4_eps20lamSILVERWATER.pdf, id=579, 563.10374pt x 422.57875pt>
File: fig_IIO_Qu_cos4_eps20lamSILVERWATER.pdf Graphic file (type pdf)

<use fig_IIO_Qu_cos4_eps20lamSILVERWATER.pdf>
Package pdftex.def Info: fig_IIO_Qu_cos4_eps20lamSILVERWATER.pdf used on input 
line 389.
(pdftex.def)             Requested size: 177.06458pt x 132.87442pt.

<fig_IIO_Sw_cos4_eps20lamSILVERWATER.pdf, id=580, 563.10374pt x 422.57875pt>
File: fig_IIO_Sw_cos4_eps20lamSILVERWATER.pdf Graphic file (type pdf)

<use fig_IIO_Sw_cos4_eps20lamSILVERWATER.pdf>
Package pdftex.def Info: fig_IIO_Sw_cos4_eps20lamSILVERWATER.pdf used on input 
line 393.
(pdftex.def)             Requested size: 177.06458pt x 132.87442pt.

<fig_IIO_BU_cos4_eps20lamSILVERWATER.pdf, id=581, 474.77374pt x 385.44pt>
File: fig_IIO_BU_cos4_eps20lamSILVERWATER.pdf Graphic file (type pdf)

<use fig_IIO_BU_cos4_eps20lamSILVERWATER.pdf>
Package pdftex.def Info: fig_IIO_BU_cos4_eps20lamSILVERWATER.pdf used on input 
line 397.
(pdftex.def)             Requested size: 177.06458pt x 143.74565pt.

<fig_IIO_BUratiolam_cos4_eps20SILVERWATER.pdf, id=582, 475.7775pt x 385.44pt>
File: fig_IIO_BUratiolam_cos4_eps20SILVERWATER.pdf Graphic file (type pdf)

<use fig_IIO_BUratiolam_cos4_eps20SILVERWATER.pdf>
Package pdftex.def Info: fig_IIO_BUratiolam_cos4_eps20SILVERWATER.pdf used on i
nput line 401.
(pdftex.def)             Requested size: 177.06458pt x 143.44571pt.

<fig_IIO_UWlam_cos4_eps20SILVERWATER.pdf, id=583, 479.7925pt x 387.4475pt>
File: fig_IIO_UWlam_cos4_eps20SILVERWATER.pdf Graphic file (type pdf)

<use fig_IIO_UWlam_cos4_eps20SILVERWATER.pdf>
Package pdftex.def Info: fig_IIO_UWlam_cos4_eps20SILVERWATER.pdf used on input 
line 405.
(pdftex.def)             Requested size: 177.06458pt x 142.98679pt.

<fig_IIO_QuSwlam_cos4_eps20SILVERWATER.pdf, id=584, 469.755pt x 385.44pt>
File: fig_IIO_QuSwlam_cos4_eps20SILVERWATER.pdf Graphic file (type pdf)

<use fig_IIO_QuSwlam_cos4_eps20SILVERWATER.pdf>
Package pdftex.def Info: fig_IIO_QuSwlam_cos4_eps20SILVERWATER.pdf used on inpu
t line 409.
(pdftex.def)             Requested size: 177.06458pt x 145.28069pt.
Package atveryend Info: Empty hook `BeforeClearDocument' on input line 414.
 [12pdfTeX warning (ext4): destination with the same identifier (name{figure.12
}) has been already used, duplicate ignored

\AtBegShi@Output ...ipout \box \AtBeginShipoutBox 
                                                  \fi \fi 
l.414 \end{document}
                     <./fig_IIO_Qu_cos4_eps20lamSILVERWATER.pdf> <./fig_IIO_Sw_
cos4_eps20lamSILVERWATER.pdf> <./fig_IIO_BU_cos4_eps20lamSILVERWATER.pdf> <./fi
g_IIO_BUratiolam_cos4_eps20SILVERWATER.pdf> <./fig_IIO_UWlam_cos4_eps20SILVERWA
TER.pdf> <./fig_IIO_QuSwlam_cos4_eps20SILVERWATER.pdf>]
Package atveryend Info: Empty hook `AfterLastShipout' on input line 414.
 (./figures.aux)
Package atveryend Info: Executing hook `AtVeryEndDocument' on input line 414.
Package atveryend Info: Executing hook `AtEndAfterFileList' on input line 414.
Package rerunfilecheck Info: File `figures.out' has not changed.
(rerunfilecheck)             Checksum: E8D9115F63472F5ED5FA038BCB646F84;125.
Package atveryend Info: Empty hook `AtVeryVeryEnd' on input line 414.
 ) 
Here is how much of TeX's memory you used:
 7243 strings out of 493089
 113735 string characters out of 6134842
 186070 words of memory out of 5000000
 10467 multiletter control sequences out of 15000+600000
 13999 words of font info for 55 fonts, out of 8000000 for 9000
 1141 hyphenation exceptions out of 8191
 29i,7n,35p,233b,325s stack positions out of 5000i,500n,10000p,200000b,80000s
</usr/local/texlive/2015/texmf-dist/fonts/type1/public/amsfonts/cm/cmbx10.pfb
></usr/local/texlive/2015/texmf-dist/fonts/type1/public/amsfonts/cm/cmbx12.pfb>
</usr/local/texlive/2015/texmf-dist/fonts/type1/public/amsfonts/cm/cmmi10.pfb><
/usr/local/texlive/2015/texmf-dist/fonts/type1/public/amsfonts/cm/cmmi12.pfb></
usr/local/texlive/2015/texmf-dist/fonts/type1/public/amsfonts/cm/cmmi9.pfb></us
r/local/texlive/2015/texmf-dist/fonts/type1/public/amsfonts/cm/cmr10.pfb></usr/
local/texlive/2015/texmf-dist/fonts/type1/public/amsfonts/cm/cmr12.pfb></usr/lo
cal/texlive/2015/texmf-dist/fonts/type1/public/amsfonts/cm/cmr9.pfb>
Output written on figures.pdf (12 pages, 8077836 bytes).
PDF statistics:
 680 PDF objects out of 1000 (max. 8388607)
 425 compressed objects within 5 object streams
 100 named destinations out of 1000 (max. 500000)
 385 words of extra memory for PDF output out of 10000 (max. 10000000)

