This is pdfTeX, Version 3.14159265-2.6-1.40.16 (TeX Live 2015) (preloaded format=pdflatex 2015.5.24)  19 NOV 2018 10:19
entering extended mode
 restricted \write18 enabled.
 %&-line parsing enabled.
**figures.tex
(./figures.tex
LaTeX2e <2015/01/01>
Babel <3.9l> and hyphenation patterns for 79 languages loaded.
(/usr/local/texlive/2015/texmf-dist/tex/latex/base/article.cls
Document Class: article 2014/09/29 v1.4h Standard LaTeX document class
(/usr/local/texlive/2015/texmf-dist/tex/latex/base/size11.clo
File: size11.clo 2014/09/29 v1.4h Standard LaTeX file (size option)
)
\c@part=\count79
\c@section=\count80
\c@subsection=\count81
\c@subsubsection=\count82
\c@paragraph=\count83
\c@subparagraph=\count84
\c@figure=\count85
\c@table=\count86
\abovecaptionskip=\skip41
\belowcaptionskip=\skip42
\bibindent=\dimen102
)
(/usr/local/texlive/2015/texmf-dist/tex/generic/epsf/epsf.sty
This is `epsf.tex' v2.7.4 <14 February 2011>
\epsffilein=\read1
\epsfframemargin=\dimen103
\epsfframethickness=\dimen104
\epsfrsize=\dimen105
\epsftmp=\dimen106
\epsftsize=\dimen107
\epsfxsize=\dimen108
\epsfysize=\dimen109
\pspoints=\dimen110
) (/usr/local/texlive/2015/texmf-dist/tex/latex/amsmath/amsmath.sty
Package: amsmath 2013/01/14 v2.14 AMS math features
\@mathmargin=\skip43

For additional information on amsmath, use the `?' option.
(/usr/local/texlive/2015/texmf-dist/tex/latex/amsmath/amstext.sty
Package: amstext 2000/06/29 v2.01

(/usr/local/texlive/2015/texmf-dist/tex/latex/amsmath/amsgen.sty
File: amsgen.sty 1999/11/30 v2.0
\@emptytoks=\toks14
\ex@=\dimen111
))
(/usr/local/texlive/2015/texmf-dist/tex/latex/amsmath/amsbsy.sty
Package: amsbsy 1999/11/29 v1.2d
\pmbraise@=\dimen112
)
(/usr/local/texlive/2015/texmf-dist/tex/latex/amsmath/amsopn.sty
Package: amsopn 1999/12/14 v2.01 operator names
)
\inf@bad=\count87
LaTeX Info: Redefining \frac on input line 210.
\uproot@=\count88
\leftroot@=\count89
LaTeX Info: Redefining \overline on input line 306.
\classnum@=\count90
\DOTSCASE@=\count91
LaTeX Info: Redefining \ldots on input line 378.
LaTeX Info: Redefining \dots on input line 381.
LaTeX Info: Redefining \cdots on input line 466.
\Mathstrutbox@=\box26
\strutbox@=\box27
\big@size=\dimen113
LaTeX Font Info:    Redeclaring font encoding OML on input line 566.
LaTeX Font Info:    Redeclaring font encoding OMS on input line 567.
\macc@depth=\count92
\c@MaxMatrixCols=\count93
\dotsspace@=\muskip10
\c@parentequation=\count94
\dspbrk@lvl=\count95
\tag@help=\toks15
\row@=\count96
\column@=\count97
\maxfields@=\count98
\andhelp@=\toks16
\eqnshift@=\dimen114
\alignsep@=\dimen115
\tagshift@=\dimen116
\tagwidth@=\dimen117
\totwidth@=\dimen118
\lineht@=\dimen119
\@envbody=\toks17
\multlinegap=\skip44
\multlinetaggap=\skip45
\mathdisplay@stack=\toks18
LaTeX Info: Redefining \[ on input line 2665.
LaTeX Info: Redefining \] on input line 2666.
)
(/usr/local/texlive/2015/texmf-dist/tex/latex/amsfonts/amsfonts.sty
Package: amsfonts 2013/01/14 v3.01 Basic AMSFonts support
\symAMSa=\mathgroup4
\symAMSb=\mathgroup5
LaTeX Font Info:    Overwriting math alphabet `\mathfrak' in version `bold'
(Font)                  U/euf/m/n --> U/euf/b/n on input line 106.
)
(/usr/local/texlive/2015/texmf-dist/tex/latex/amscls/amsthm.sty
Package: amsthm 2015/03/04 v2.20.2
\thm@style=\toks19
\thm@bodyfont=\toks20
\thm@headfont=\toks21
\thm@notefont=\toks22
\thm@headpunct=\toks23
\thm@preskip=\skip46
\thm@postskip=\skip47
\thm@headsep=\skip48
\dth@everypar=\toks24
)
(/usr/local/texlive/2015/texmf-dist/tex/latex/graphics/graphicx.sty
Package: graphicx 2014/10/28 v1.0g Enhanced LaTeX Graphics (DPC,SPQR)

(/usr/local/texlive/2015/texmf-dist/tex/latex/graphics/keyval.sty
Package: keyval 2014/10/28 v1.15 key=value parser (DPC)
\KV@toks@=\toks25
)
(/usr/local/texlive/2015/texmf-dist/tex/latex/graphics/graphics.sty
Package: graphics 2014/10/28 v1.0p Standard LaTeX Graphics (DPC,SPQR)

(/usr/local/texlive/2015/texmf-dist/tex/latex/graphics/trig.sty
Package: trig 1999/03/16 v1.09 sin cos tan (DPC)
)
(/usr/local/texlive/2015/texmf-dist/tex/latex/latexconfig/graphics.cfg
File: graphics.cfg 2010/04/23 v1.9 graphics configuration of TeX Live
)
Package graphics Info: Driver file: pdftex.def on input line 94.

(/usr/local/texlive/2015/texmf-dist/tex/latex/pdftex-def/pdftex.def
File: pdftex.def 2011/05/27 v0.06d Graphics/color for pdfTeX

(/usr/local/texlive/2015/texmf-dist/tex/generic/oberdiek/infwarerr.sty
Package: infwarerr 2010/04/08 v1.3 Providing info/warning/error messages (HO)
)
(/usr/local/texlive/2015/texmf-dist/tex/generic/oberdiek/ltxcmds.sty
Package: ltxcmds 2011/11/09 v1.22 LaTeX kernel commands for general use (HO)
)
\Gread@gobject=\count99
))
\Gin@req@height=\dimen120
\Gin@req@width=\dimen121
)
(/usr/local/texlive/2015/texmf-dist/tex/latex/graphics/color.sty
Package: color 2014/10/28 v1.1a Standard LaTeX Color (DPC)

(/usr/local/texlive/2015/texmf-dist/tex/latex/latexconfig/color.cfg
File: color.cfg 2007/01/18 v1.5 color configuration of teTeX/TeXLive
)
Package color Info: Driver file: pdftex.def on input line 142.
)
(/usr/local/texlive/2015/texmf-dist/tex/latex/amsfonts/amssymb.sty
Package: amssymb 2013/01/14 v3.01 AMS font symbols
)
(/usr/local/texlive/2015/texmf-dist/tex/latex/graphics/epsfig.sty
Package: epsfig 1999/02/16 v1.7a (e)psfig emulation (SPQR)
\epsfxsize=\dimen122
\epsfysize=\dimen123
)
(/usr/local/texlive/2015/texmf-dist/tex/latex/bbm-macros/bbm.sty
Package: bbm 1999/03/15 V 1.2 provides fonts for set symbols - TH
LaTeX Font Info:    Overwriting math alphabet `\mathbbm' in version `bold'
(Font)                  U/bbm/m/n --> U/bbm/bx/n on input line 33.
LaTeX Font Info:    Overwriting math alphabet `\mathbbmss' in version `bold'
(Font)                  U/bbmss/m/n --> U/bbmss/bx/n on input line 35.
)
(/usr/local/texlive/2015/texmf-dist/tex/latex/xcolor/xcolor.sty
Package: xcolor 2007/01/21 v2.11 LaTeX color extensions (UK)

(/usr/local/texlive/2015/texmf-dist/tex/latex/latexconfig/color.cfg
File: color.cfg 2007/01/18 v1.5 color configuration of teTeX/TeXLive
)
Package xcolor Info: Driver file: pdftex.def on input line 225.
LaTeX Info: Redefining \color on input line 702.
Package xcolor Info: Model `cmy' substituted by `cmy0' on input line 1337.
Package xcolor Info: Model `hsb' substituted by `rgb' on input line 1341.
Package xcolor Info: Model `RGB' extended on input line 1353.
Package xcolor Info: Model `HTML' substituted by `rgb' on input line 1355.
Package xcolor Info: Model `Hsb' substituted by `hsb' on input line 1356.
Package xcolor Info: Model `tHsb' substituted by `hsb' on input line 1357.
Package xcolor Info: Model `HSB' substituted by `hsb' on input line 1358.
Package xcolor Info: Model `Gray' substituted by `gray' on input line 1359.
Package xcolor Info: Model `wave' substituted by `hsb' on input line 1360.
)
(/usr/local/texlive/2015/texmf-dist/tex/latex/hyperref/hyperref.sty
Package: hyperref 2012/11/06 v6.83m Hypertext links for LaTeX

(/usr/local/texlive/2015/texmf-dist/tex/generic/oberdiek/hobsub-hyperref.sty
Package: hobsub-hyperref 2012/05/28 v1.13 Bundle oberdiek, subset hyperref (HO)


(/usr/local/texlive/2015/texmf-dist/tex/generic/oberdiek/hobsub-generic.sty
Package: hobsub-generic 2012/05/28 v1.13 Bundle oberdiek, subset generic (HO)
Package: hobsub 2012/05/28 v1.13 Construct package bundles (HO)
Package hobsub Info: Skipping package `infwarerr' (already loaded).
Package hobsub Info: Skipping package `ltxcmds' (already loaded).
Package: ifluatex 2010/03/01 v1.3 Provides the ifluatex switch (HO)
Package ifluatex Info: LuaTeX not detected.
Package: ifvtex 2010/03/01 v1.5 Detect VTeX and its facilities (HO)
Package ifvtex Info: VTeX not detected.
Package: intcalc 2007/09/27 v1.1 Expandable calculations with integers (HO)
Package: ifpdf 2011/01/30 v2.3 Provides the ifpdf switch (HO)
Package ifpdf Info: pdfTeX in PDF mode is detected.
Package: etexcmds 2011/02/16 v1.5 Avoid name clashes with e-TeX commands (HO)
Package etexcmds Info: Could not find \expanded.
(etexcmds)             That can mean that you are not using pdfTeX 1.50 or
(etexcmds)             that some package has redefined \expanded.
(etexcmds)             In the latter case, load this package earlier.
Package: kvsetkeys 2012/04/25 v1.16 Key value parser (HO)
Package: kvdefinekeys 2011/04/07 v1.3 Define keys (HO)
Package: pdftexcmds 2011/11/29 v0.20 Utility functions of pdfTeX for LuaTeX (HO
)
Package pdftexcmds Info: LuaTeX not detected.
Package pdftexcmds Info: \pdf@primitive is available.
Package pdftexcmds Info: \pdf@ifprimitive is available.
Package pdftexcmds Info: \pdfdraftmode found.
Package: pdfescape 2011/11/25 v1.13 Implements pdfTeX's escape features (HO)
Package: bigintcalc 2012/04/08 v1.3 Expandable calculations on big integers (HO
)
Package: bitset 2011/01/30 v1.1 Handle bit-vector datatype (HO)
Package: uniquecounter 2011/01/30 v1.2 Provide unlimited unique counter (HO)
)
Package hobsub Info: Skipping package `hobsub' (already loaded).
Package: letltxmacro 2010/09/02 v1.4 Let assignment for LaTeX macros (HO)
Package: hopatch 2012/05/28 v1.2 Wrapper for package hooks (HO)
Package: xcolor-patch 2011/01/30 xcolor patch
Package: atveryend 2011/06/30 v1.8 Hooks at the very end of document (HO)
Package atveryend Info: \enddocument detected (standard20110627).
Package: atbegshi 2011/10/05 v1.16 At begin shipout hook (HO)
Package: refcount 2011/10/16 v3.4 Data extraction from label references (HO)
Package: hycolor 2011/01/30 v1.7 Color options for hyperref/bookmark (HO)
)
(/usr/local/texlive/2015/texmf-dist/tex/generic/ifxetex/ifxetex.sty
Package: ifxetex 2010/09/12 v0.6 Provides ifxetex conditional
)
(/usr/local/texlive/2015/texmf-dist/tex/latex/oberdiek/auxhook.sty
Package: auxhook 2011/03/04 v1.3 Hooks for auxiliary files (HO)
)
(/usr/local/texlive/2015/texmf-dist/tex/latex/oberdiek/kvoptions.sty
Package: kvoptions 2011/06/30 v3.11 Key value format for package options (HO)
)
\@linkdim=\dimen124
\Hy@linkcounter=\count100
\Hy@pagecounter=\count101

(/usr/local/texlive/2015/texmf-dist/tex/latex/hyperref/pd1enc.def
File: pd1enc.def 2012/11/06 v6.83m Hyperref: PDFDocEncoding definition (HO)
)
\Hy@SavedSpaceFactor=\count102

(/usr/local/texlive/2015/texmf-dist/tex/latex/latexconfig/hyperref.cfg
File: hyperref.cfg 2002/06/06 v1.2 hyperref configuration of TeXLive
)
Package hyperref Info: Hyper figures OFF on input line 4443.
Package hyperref Info: Link nesting OFF on input line 4448.
Package hyperref Info: Hyper index ON on input line 4451.
Package hyperref Info: Plain pages OFF on input line 4458.
Package hyperref Info: Backreferencing OFF on input line 4463.
Package hyperref Info: Implicit mode ON; LaTeX internals redefined.
Package hyperref Info: Bookmarks ON on input line 4688.
\c@Hy@tempcnt=\count103

(/usr/local/texlive/2015/texmf-dist/tex/latex/url/url.sty
\Urlmuskip=\muskip11
Package: url 2013/09/16  ver 3.4  Verb mode for urls, etc.
)
LaTeX Info: Redefining \url on input line 5041.
\XeTeXLinkMargin=\dimen125
\Fld@menulength=\count104
\Field@Width=\dimen126
\Fld@charsize=\dimen127
Package hyperref Info: Hyper figures OFF on input line 6295.
Package hyperref Info: Link nesting OFF on input line 6300.
Package hyperref Info: Hyper index ON on input line 6303.
Package hyperref Info: backreferencing OFF on input line 6310.
Package hyperref Info: Link coloring OFF on input line 6315.
Package hyperref Info: Link coloring with OCG OFF on input line 6320.
Package hyperref Info: PDF/A mode OFF on input line 6325.
LaTeX Info: Redefining \ref on input line 6365.
LaTeX Info: Redefining \pageref on input line 6369.
\Hy@abspage=\count105
\c@Item=\count106
\c@Hfootnote=\count107
)

Package hyperref Message: Driver (autodetected): hpdftex.

(/usr/local/texlive/2015/texmf-dist/tex/latex/hyperref/hpdftex.def
File: hpdftex.def 2012/11/06 v6.83m Hyperref driver for pdfTeX
\Fld@listcount=\count108
\c@bookmark@seq@number=\count109

(/usr/local/texlive/2015/texmf-dist/tex/latex/oberdiek/rerunfilecheck.sty
Package: rerunfilecheck 2011/04/15 v1.7 Rerun checks for auxiliary files (HO)
Package uniquecounter Info: New unique counter `rerunfilecheck' on input line 2
82.
)
\Hy@SectionHShift=\skip49
)
(/usr/local/texlive/2015/texmf-dist/tex/latex/subfigure/subfigure.sty
Package: subfigure 2002/03/15 v2.1.5 subfigure package
\subfigtopskip=\skip50
\subfigcapskip=\skip51
\subfigcaptopadj=\dimen128
\subfigbottomskip=\skip52
\subfigcapmargin=\dimen129
\subfiglabelskip=\skip53
\c@subfigure=\count110
\c@lofdepth=\count111
\c@subtable=\count112
\c@lotdepth=\count113

****************************************
* Local config file subfigure.cfg used *
****************************************
(/usr/local/texlive/2015/texmf-dist/tex/latex/subfigure/subfigure.cfg)
\subfig@top=\skip54
\subfig@bottom=\skip55
)
(/usr/local/texlive/2015/texmf-dist/tex/latex/float/float.sty
Package: float 2001/11/08 v1.3d Float enhancements (AL)
\c@float@type=\count114
\float@exts=\toks26
\float@box=\box28
\@float@everytoks=\toks27
\@floatcapt=\box29
) (./figures.aux)
\openout1 = `figures.aux'.

LaTeX Font Info:    Checking defaults for OML/cmm/m/it on input line 25.
LaTeX Font Info:    ... okay on input line 25.
LaTeX Font Info:    Checking defaults for T1/cmr/m/n on input line 25.
LaTeX Font Info:    ... okay on input line 25.
LaTeX Font Info:    Checking defaults for OT1/cmr/m/n on input line 25.
LaTeX Font Info:    ... okay on input line 25.
LaTeX Font Info:    Checking defaults for OMS/cmsy/m/n on input line 25.
LaTeX Font Info:    ... okay on input line 25.
LaTeX Font Info:    Checking defaults for OMX/cmex/m/n on input line 25.
LaTeX Font Info:    ... okay on input line 25.
LaTeX Font Info:    Checking defaults for U/cmr/m/n on input line 25.
LaTeX Font Info:    ... okay on input line 25.
LaTeX Font Info:    Checking defaults for PD1/pdf/m/n on input line 25.
LaTeX Font Info:    ... okay on input line 25.

(/usr/local/texlive/2015/texmf-dist/tex/context/base/supp-pdf.mkii
[Loading MPS to PDF converter (version 2006.09.02).]
\scratchcounter=\count115
\scratchdimen=\dimen130
\scratchbox=\box30
\nofMPsegments=\count116
\nofMParguments=\count117
\everyMPshowfont=\toks28
\MPscratchCnt=\count118
\MPscratchDim=\dimen131
\MPnumerator=\count119
\makeMPintoPDFobject=\count120
\everyMPtoPDFconversion=\toks29
) (/usr/local/texlive/2015/texmf-dist/tex/latex/oberdiek/epstopdf-base.sty
Package: epstopdf-base 2010/02/09 v2.5 Base part for package epstopdf

(/usr/local/texlive/2015/texmf-dist/tex/latex/oberdiek/grfext.sty
Package: grfext 2010/08/19 v1.1 Manage graphics extensions (HO)
)
Package grfext Info: Graphics extension search list:
(grfext)             [.png,.pdf,.jpg,.mps,.jpeg,.jbig2,.jb2,.PNG,.PDF,.JPG,.JPE
G,.JBIG2,.JB2,.eps]
(grfext)             \AppendGraphicsExtensions on input line 452.

(/usr/local/texlive/2015/texmf-dist/tex/latex/latexconfig/epstopdf-sys.cfg
File: epstopdf-sys.cfg 2010/07/13 v1.3 Configuration of (r)epstopdf for TeX Liv
e
))
\AtBeginShipoutBox=\box31
Package hyperref Info: Link coloring OFF on input line 25.

(/usr/local/texlive/2015/texmf-dist/tex/latex/hyperref/nameref.sty
Package: nameref 2012/10/27 v2.43 Cross-referencing by name of section

(/usr/local/texlive/2015/texmf-dist/tex/generic/oberdiek/gettitlestring.sty
Package: gettitlestring 2010/12/03 v1.4 Cleanup title references (HO)
)
\c@section@level=\count121
)
LaTeX Info: Redefining \ref on input line 25.
LaTeX Info: Redefining \pageref on input line 25.
LaTeX Info: Redefining \nameref on input line 25.

(./figures.out) (./figures.out)
\@outlinefile=\write3
\openout3 = `figures.out'.

LaTeX Font Info:    Try loading font information for U+msa on input line 27.

(/usr/local/texlive/2015/texmf-dist/tex/latex/amsfonts/umsa.fd
File: umsa.fd 2013/01/14 v3.01 AMS symbols A
)
LaTeX Font Info:    Try loading font information for U+msb on input line 27.

(/usr/local/texlive/2015/texmf-dist/tex/latex/amsfonts/umsb.fd
File: umsb.fd 2013/01/14 v3.01 AMS symbols B
)
Package epstopdf Info: Source file: <fig_ErrrorVsN_DNO_fe.eps>
(epstopdf)                    date: 2018-11-19 10:14:37
(epstopdf)                    size: 88865 bytes
(epstopdf)             Output file: <fig_ErrrorVsN_DNO_fe-eps-converted-to.pdf>

(epstopdf)             Command: <repstopdf --outfile=fig_ErrrorVsN_DNO_fe-eps-c
onverted-to.pdf fig_ErrrorVsN_DNO_fe.eps>
(epstopdf)             \includegraphics on input line 32.
runsystem(repstopdf --outfile=fig_ErrrorVsN_DNO_fe-eps-converted-to.pdf fig_Err
rorVsN_DNO_fe.eps)...executed safely (allowed).

Package epstopdf Info: Result file: <fig_ErrrorVsN_DNO_fe-eps-converted-to.pdf>

(epstopdf)                    date: 2018-11-19 10:19:42
(epstopdf)                    size: 31823 bytes.

<fig_ErrrorVsN_DNO_fe-eps-converted-to.pdf, id=4, 484.81125pt x 384.43625pt>
File: fig_ErrrorVsN_DNO_fe-eps-converted-to.pdf Graphic file (type pdf)

<use fig_ErrrorVsN_DNO_fe-eps-converted-to.pdf>
Package pdftex.def Info: fig_ErrrorVsN_DNO_fe-eps-converted-to.pdf used on inpu
t line 32.
(pdftex.def)             Requested size: 202.3529pt x 160.45903pt.
Package epstopdf Info: Source file: <fig_ErrrorVsEps_DNO_fe.eps>
(epstopdf)                    date: 2018-11-19 10:14:38
(epstopdf)                    size: 84644 bytes
(epstopdf)             Output file: <fig_ErrrorVsEps_DNO_fe-eps-converted-to.pd
f>
(epstopdf)             Command: <repstopdf --outfile=fig_ErrrorVsEps_DNO_fe-eps
-converted-to.pdf fig_ErrrorVsEps_DNO_fe.eps>
(epstopdf)             \includegraphics on input line 36.
runsystem(repstopdf --outfile=fig_ErrrorVsEps_DNO_fe-eps-converted-to.pdf fig_E
rrrorVsEps_DNO_fe.eps)...executed safely (allowed).

Package epstopdf Info: Result file: <fig_ErrrorVsEps_DNO_fe-eps-converted-to.pd
f>
(epstopdf)                    date: 2018-11-19 10:19:42
(epstopdf)                    size: 29508 bytes.

<fig_ErrrorVsEps_DNO_fe-eps-converted-to.pdf, id=5, 486.81876pt x 387.4475pt>
File: fig_ErrrorVsEps_DNO_fe-eps-converted-to.pdf Graphic file (type pdf)

<use fig_ErrrorVsEps_DNO_fe-eps-converted-to.pdf>
Package pdftex.def Info: fig_ErrrorVsEps_DNO_fe-eps-converted-to.pdf used on in
put line 36.
(pdftex.def)             Requested size: 202.3529pt x 161.04784pt.
Package epstopdf Info: Source file: <fig_ErrrorVsN_DNO_fe_sing12.eps>
(epstopdf)                    date: 2018-11-19 10:13:26
(epstopdf)                    size: 62819 bytes
(epstopdf)             Output file: <fig_ErrrorVsN_DNO_fe_sing12-eps-converted-
to.pdf>
(epstopdf)             Command: <repstopdf --outfile=fig_ErrrorVsN_DNO_fe_sing1
2-eps-converted-to.pdf fig_ErrrorVsN_DNO_fe_sing12.eps>
(epstopdf)             \includegraphics on input line 40.
runsystem(repstopdf --outfile=fig_ErrrorVsN_DNO_fe_sing12-eps-converted-to.pdf 
fig_ErrrorVsN_DNO_fe_sing12.eps)...executed safely (allowed).

Package epstopdf Info: Result file: <fig_ErrrorVsN_DNO_fe_sing12-eps-converted-
to.pdf>
(epstopdf)                    date: 2018-11-19 10:19:43
(epstopdf)                    size: 29107 bytes.

<fig_ErrrorVsN_DNO_fe_sing12-eps-converted-to.pdf, id=6, 476.78125pt x 384.4362
5pt>
File: fig_ErrrorVsN_DNO_fe_sing12-eps-converted-to.pdf Graphic file (type pdf)
 <use fig_ErrrorVsN_DNO_fe_sing12-eps-converted-to.pdf>
Package pdftex.def Info: fig_ErrrorVsN_DNO_fe_sing12-eps-converted-to.pdf used 
on input line 40.
(pdftex.def)             Requested size: 202.3529pt x 163.16325pt.
Package epstopdf Info: Source file: <fig_ErrrorVsEps_DNO_fe_sing12.eps>
(epstopdf)                    date: 2018-11-19 10:13:26
(epstopdf)                    size: 58606 bytes
(epstopdf)             Output file: <fig_ErrrorVsEps_DNO_fe_sing12-eps-converte
d-to.pdf>
(epstopdf)             Command: <repstopdf --outfile=fig_ErrrorVsEps_DNO_fe_sin
g12-eps-converted-to.pdf fig_ErrrorVsEps_DNO_fe_sing12.eps>
(epstopdf)             \includegraphics on input line 44.
runsystem(repstopdf --outfile=fig_ErrrorVsEps_DNO_fe_sing12-eps-converted-to.pd
f fig_ErrrorVsEps_DNO_fe_sing12.eps)...executed safely (allowed).

Package epstopdf Info: Result file: <fig_ErrrorVsEps_DNO_fe_sing12-eps-converte
d-to.pdf>
(epstopdf)                    date: 2018-11-19 10:19:43
(epstopdf)                    size: 26506 bytes.

<fig_ErrrorVsEps_DNO_fe_sing12-eps-converted-to.pdf, id=7, 478.78876pt x 387.44
75pt>
File: fig_ErrrorVsEps_DNO_fe_sing12-eps-converted-to.pdf Graphic file (type pdf
)
 <use fig_ErrrorVsEps_DNO_fe_sing12-eps-converted-to.pdf>
Package pdftex.def Info: fig_ErrrorVsEps_DNO_fe_sing12-eps-converted-to.pdf use
d on input line 44.
(pdftex.def)             Requested size: 202.3529pt x 163.7496pt.
Package epstopdf Info: Source file: <fig_ErrrorVsN_DNO_fe_sing16.eps>
(epstopdf)                    date: 2018-11-19 10:13:16
(epstopdf)                    size: 62964 bytes
(epstopdf)             Output file: <fig_ErrrorVsN_DNO_fe_sing16-eps-converted-
to.pdf>
(epstopdf)             Command: <repstopdf --outfile=fig_ErrrorVsN_DNO_fe_sing1
6-eps-converted-to.pdf fig_ErrrorVsN_DNO_fe_sing16.eps>
(epstopdf)             \includegraphics on input line 48.
runsystem(repstopdf --outfile=fig_ErrrorVsN_DNO_fe_sing16-eps-converted-to.pdf 
fig_ErrrorVsN_DNO_fe_sing16.eps)...executed safely (allowed).

Package epstopdf Info: Result file: <fig_ErrrorVsN_DNO_fe_sing16-eps-converted-
to.pdf>
(epstopdf)                    date: 2018-11-19 10:19:44
(epstopdf)                    size: 29284 bytes.

<fig_ErrrorVsN_DNO_fe_sing16-eps-converted-to.pdf, id=8, 476.78125pt x 384.4362
5pt>
File: fig_ErrrorVsN_DNO_fe_sing16-eps-converted-to.pdf Graphic file (type pdf)
 <use fig_ErrrorVsN_DNO_fe_sing16-eps-converted-to.pdf>
Package pdftex.def Info: fig_ErrrorVsN_DNO_fe_sing16-eps-converted-to.pdf used 
on input line 48.
(pdftex.def)             Requested size: 202.3529pt x 163.16325pt.
Package epstopdf Info: Source file: <fig_ErrrorVsEps_DNO_fe_sing16.eps>
(epstopdf)                    date: 2018-11-19 10:13:16
(epstopdf)                    size: 58750 bytes
(epstopdf)             Output file: <fig_ErrrorVsEps_DNO_fe_sing16-eps-converte
d-to.pdf>
(epstopdf)             Command: <repstopdf --outfile=fig_ErrrorVsEps_DNO_fe_sin
g16-eps-converted-to.pdf fig_ErrrorVsEps_DNO_fe_sing16.eps>
(epstopdf)             \includegraphics on input line 52.
runsystem(repstopdf --outfile=fig_ErrrorVsEps_DNO_fe_sing16-eps-converted-to.pd
f fig_ErrrorVsEps_DNO_fe_sing16.eps)...executed safely (allowed).

Package epstopdf Info: Result file: <fig_ErrrorVsEps_DNO_fe_sing16-eps-converte
d-to.pdf>
(epstopdf)                    date: 2018-11-19 10:19:44
(epstopdf)                    size: 26597 bytes.

<fig_ErrrorVsEps_DNO_fe_sing16-eps-converted-to.pdf, id=9, 478.78876pt x 387.44
75pt>
File: fig_ErrrorVsEps_DNO_fe_sing16-eps-converted-to.pdf Graphic file (type pdf
)
 <use fig_ErrrorVsEps_DNO_fe_sing16-eps-converted-to.pdf>
Package pdftex.def Info: fig_ErrrorVsEps_DNO_fe_sing16-eps-converted-to.pdf use
d on input line 52.
(pdftex.def)             Requested size: 202.3529pt x 163.7496pt.
 [1

{/usr/local/texlive/2015/texmf-var/fonts/map/pdftex/updmap/pdftex.map} <./fig_E
rrrorVsN_DNO_fe-eps-converted-to.pdf> <./fig_ErrrorVsEps_DNO_fe-eps-converted-t
o.pdf> <./fig_ErrrorVsN_DNO_fe_sing12-eps-converted-to.pdf> <./fig_ErrrorVsEps_
DNO_fe_sing12-eps-converted-to.pdf> <./fig_ErrrorVsN_DNO_fe_sing16-eps-converte
d-to.pdf> <./fig_ErrrorVsEps_DNO_fe_sing16-eps-converted-to.pdf>]
Package epstopdf Info: Source file: <fig_ErrrorVsN_IIO_fe.eps>
(epstopdf)                    date: 2018-11-19 10:15:48
(epstopdf)                    size: 88868 bytes
(epstopdf)             Output file: <fig_ErrrorVsN_IIO_fe-eps-converted-to.pdf>

(epstopdf)             Command: <repstopdf --outfile=fig_ErrrorVsN_IIO_fe-eps-c
onverted-to.pdf fig_ErrrorVsN_IIO_fe.eps>
(epstopdf)             \includegraphics on input line 61.
runsystem(repstopdf --outfile=fig_ErrrorVsN_IIO_fe-eps-converted-to.pdf fig_Err
rorVsN_IIO_fe.eps)...executed safely (allowed).

Package epstopdf Info: Result file: <fig_ErrrorVsN_IIO_fe-eps-converted-to.pdf>

(epstopdf)                    date: 2018-11-19 10:19:45
(epstopdf)                    size: 31834 bytes.

<fig_ErrrorVsN_IIO_fe-eps-converted-to.pdf, id=59, 484.81125pt x 384.43625pt>
File: fig_ErrrorVsN_IIO_fe-eps-converted-to.pdf Graphic file (type pdf)

<use fig_ErrrorVsN_IIO_fe-eps-converted-to.pdf>
Package pdftex.def Info: fig_ErrrorVsN_IIO_fe-eps-converted-to.pdf used on inpu
t line 61.
(pdftex.def)             Requested size: 202.3529pt x 160.45903pt.
Package epstopdf Info: Source file: <fig_ErrrorVsEps_IIO_fe.eps>
(epstopdf)                    date: 2018-11-19 10:15:48
(epstopdf)                    size: 84647 bytes
(epstopdf)             Output file: <fig_ErrrorVsEps_IIO_fe-eps-converted-to.pd
f>
(epstopdf)             Command: <repstopdf --outfile=fig_ErrrorVsEps_IIO_fe-eps
-converted-to.pdf fig_ErrrorVsEps_IIO_fe.eps>
(epstopdf)             \includegraphics on input line 65.
runsystem(repstopdf --outfile=fig_ErrrorVsEps_IIO_fe-eps-converted-to.pdf fig_E
rrrorVsEps_IIO_fe.eps)...executed safely (allowed).

Package epstopdf Info: Result file: <fig_ErrrorVsEps_IIO_fe-eps-converted-to.pd
f>
(epstopdf)                    date: 2018-11-19 10:19:45
(epstopdf)                    size: 29492 bytes.

<fig_ErrrorVsEps_IIO_fe-eps-converted-to.pdf, id=60, 486.81876pt x 387.4475pt>
File: fig_ErrrorVsEps_IIO_fe-eps-converted-to.pdf Graphic file (type pdf)

<use fig_ErrrorVsEps_IIO_fe-eps-converted-to.pdf>
Package pdftex.def Info: fig_ErrrorVsEps_IIO_fe-eps-converted-to.pdf used on in
put line 65.
(pdftex.def)             Requested size: 202.3529pt x 161.04784pt.
Package epstopdf Info: Source file: <fig_ErrrorVsN_IIO_fe_sing12.eps>
(epstopdf)                    date: 2018-11-19 10:15:28
(epstopdf)                    size: 88871 bytes
(epstopdf)             Output file: <fig_ErrrorVsN_IIO_fe_sing12-eps-converted-
to.pdf>
(epstopdf)             Command: <repstopdf --outfile=fig_ErrrorVsN_IIO_fe_sing1
2-eps-converted-to.pdf fig_ErrrorVsN_IIO_fe_sing12.eps>
(epstopdf)             \includegraphics on input line 69.
runsystem(repstopdf --outfile=fig_ErrrorVsN_IIO_fe_sing12-eps-converted-to.pdf 
fig_ErrrorVsN_IIO_fe_sing12.eps)...executed safely (allowed).

Package epstopdf Info: Result file: <fig_ErrrorVsN_IIO_fe_sing12-eps-converted-
to.pdf>
(epstopdf)                    date: 2018-11-19 10:19:46
(epstopdf)                    size: 31818 bytes.

<fig_ErrrorVsN_IIO_fe_sing12-eps-converted-to.pdf, id=61, 484.81125pt x 384.436
25pt>
File: fig_ErrrorVsN_IIO_fe_sing12-eps-converted-to.pdf Graphic file (type pdf)
 <use fig_ErrrorVsN_IIO_fe_sing12-eps-converted-to.pdf>
Package pdftex.def Info: fig_ErrrorVsN_IIO_fe_sing12-eps-converted-to.pdf used 
on input line 69.
(pdftex.def)             Requested size: 202.3529pt x 160.45903pt.
Package epstopdf Info: Source file: <fig_ErrrorVsEps_IIO_fe_sing12.eps>
(epstopdf)                    date: 2018-11-19 10:15:28
(epstopdf)                    size: 84654 bytes
(epstopdf)             Output file: <fig_ErrrorVsEps_IIO_fe_sing12-eps-converte
d-to.pdf>
(epstopdf)             Command: <repstopdf --outfile=fig_ErrrorVsEps_IIO_fe_sin
g12-eps-converted-to.pdf fig_ErrrorVsEps_IIO_fe_sing12.eps>
(epstopdf)             \includegraphics on input line 73.
runsystem(repstopdf --outfile=fig_ErrrorVsEps_IIO_fe_sing12-eps-converted-to.pd
f fig_ErrrorVsEps_IIO_fe_sing12.eps)...executed safely (allowed).

Package epstopdf Info: Result file: <fig_ErrrorVsEps_IIO_fe_sing12-eps-converte
d-to.pdf>
(epstopdf)                    date: 2018-11-19 10:19:46
(epstopdf)                    size: 29505 bytes.

<fig_ErrrorVsEps_IIO_fe_sing12-eps-converted-to.pdf, id=62, 486.81876pt x 387.4
475pt>
File: fig_ErrrorVsEps_IIO_fe_sing12-eps-converted-to.pdf Graphic file (type pdf
)
 <use fig_ErrrorVsEps_IIO_fe_sing12-eps-converted-to.pdf>
Package pdftex.def Info: fig_ErrrorVsEps_IIO_fe_sing12-eps-converted-to.pdf use
d on input line 73.
(pdftex.def)             Requested size: 202.3529pt x 161.04784pt.
Package epstopdf Info: Source file: <fig_ErrrorVsN_IIO_fe_sing16.eps>
(epstopdf)                    date: 2018-11-19 00:02:01
(epstopdf)                    size: 88870 bytes
(epstopdf)             Output file: <fig_ErrrorVsN_IIO_fe_sing16-eps-converted-
to.pdf>
(epstopdf)             Command: <repstopdf --outfile=fig_ErrrorVsN_IIO_fe_sing1
6-eps-converted-to.pdf fig_ErrrorVsN_IIO_fe_sing16.eps>
(epstopdf)             \includegraphics on input line 77.
runsystem(repstopdf --outfile=fig_ErrrorVsN_IIO_fe_sing16-eps-converted-to.pdf 
fig_ErrrorVsN_IIO_fe_sing16.eps)...executed safely (allowed).

Package epstopdf Info: Result file: <fig_ErrrorVsN_IIO_fe_sing16-eps-converted-
to.pdf>
(epstopdf)                    date: 2018-11-19 10:19:47
(epstopdf)                    size: 31829 bytes.

<fig_ErrrorVsN_IIO_fe_sing16-eps-converted-to.pdf, id=63, 484.81125pt x 384.436
25pt>
File: fig_ErrrorVsN_IIO_fe_sing16-eps-converted-to.pdf Graphic file (type pdf)
 <use fig_ErrrorVsN_IIO_fe_sing16-eps-converted-to.pdf>
Package pdftex.def Info: fig_ErrrorVsN_IIO_fe_sing16-eps-converted-to.pdf used 
on input line 77.
(pdftex.def)             Requested size: 202.3529pt x 160.45903pt.
Package epstopdf Info: Source file: <fig_ErrrorVsEps_IIO_fe_sing16.eps>
(epstopdf)                    date: 2018-11-19 00:02:01
(epstopdf)                    size: 84650 bytes
(epstopdf)             Output file: <fig_ErrrorVsEps_IIO_fe_sing16-eps-converte
d-to.pdf>
(epstopdf)             Command: <repstopdf --outfile=fig_ErrrorVsEps_IIO_fe_sin
g16-eps-converted-to.pdf fig_ErrrorVsEps_IIO_fe_sing16.eps>
(epstopdf)             \includegraphics on input line 81.
runsystem(repstopdf --outfile=fig_ErrrorVsEps_IIO_fe_sing16-eps-converted-to.pd
f fig_ErrrorVsEps_IIO_fe_sing16.eps)...executed safely (allowed).

Package epstopdf Info: Result file: <fig_ErrrorVsEps_IIO_fe_sing16-eps-converte
d-to.pdf>
(epstopdf)                    date: 2018-11-19 10:19:47
(epstopdf)                    size: 29522 bytes.

<fig_ErrrorVsEps_IIO_fe_sing16-eps-converted-to.pdf, id=64, 486.81876pt x 387.4
475pt>
File: fig_ErrrorVsEps_IIO_fe_sing16-eps-converted-to.pdf Graphic file (type pdf
)
 <use fig_ErrrorVsEps_IIO_fe_sing16-eps-converted-to.pdf>
Package pdftex.def Info: fig_ErrrorVsEps_IIO_fe_sing16-eps-converted-to.pdf use
d on input line 81.
(pdftex.def)             Requested size: 202.3529pt x 161.04784pt.
 [2 <./fig_ErrrorVsN_IIO_fe-eps-converted-to.pdf> <./fig_ErrrorVsEps_IIO_fe-eps
-converted-to.pdf> <./fig_ErrrorVsN_IIO_fe_sing12-eps-converted-to.pdf> <./fig_
ErrrorVsEps_IIO_fe_sing12-eps-converted-to.pdf> <./fig_ErrrorVsN_IIO_fe_sing16-
eps-converted-to.pdf> <./fig_ErrrorVsEps_IIO_fe_sing16-eps-converted-to.pdf>]
Package epstopdf Info: Source file: <fig_ErrrorVsN_IIO_new_fe.eps>
(epstopdf)                    date: 2018-11-19 10:14:50
(epstopdf)                    size: 88874 bytes
(epstopdf)             Output file: <fig_ErrrorVsN_IIO_new_fe-eps-converted-to.
pdf>
(epstopdf)             Command: <repstopdf --outfile=fig_ErrrorVsN_IIO_new_fe-e
ps-converted-to.pdf fig_ErrrorVsN_IIO_new_fe.eps>
(epstopdf)             \includegraphics on input line 90.
runsystem(repstopdf --outfile=fig_ErrrorVsN_IIO_new_fe-eps-converted-to.pdf fig
_ErrrorVsN_IIO_new_fe.eps)...executed safely (allowed).

Package epstopdf Info: Result file: <fig_ErrrorVsN_IIO_new_fe-eps-converted-to.
pdf>
(epstopdf)                    date: 2018-11-19 10:19:48
(epstopdf)                    size: 31848 bytes.

<fig_ErrrorVsN_IIO_new_fe-eps-converted-to.pdf, id=105, 484.81125pt x 384.43625
pt>
File: fig_ErrrorVsN_IIO_new_fe-eps-converted-to.pdf Graphic file (type pdf)
 <use fig_ErrrorVsN_IIO_new_fe-eps-converted-to.pdf>
Package pdftex.def Info: fig_ErrrorVsN_IIO_new_fe-eps-converted-to.pdf used on 
input line 90.
(pdftex.def)             Requested size: 202.3529pt x 160.45903pt.
Package epstopdf Info: Source file: <fig_ErrrorVsEps_IIO_new_fe.eps>
(epstopdf)                    date: 2018-11-19 10:14:50
(epstopdf)                    size: 84650 bytes
(epstopdf)             Output file: <fig_ErrrorVsEps_IIO_new_fe-eps-converted-t
o.pdf>
(epstopdf)             Command: <repstopdf --outfile=fig_ErrrorVsEps_IIO_new_fe
-eps-converted-to.pdf fig_ErrrorVsEps_IIO_new_fe.eps>
(epstopdf)             \includegraphics on input line 94.
runsystem(repstopdf --outfile=fig_ErrrorVsEps_IIO_new_fe-eps-converted-to.pdf f
ig_ErrrorVsEps_IIO_new_fe.eps)...executed safely (allowed).

Package epstopdf Info: Result file: <fig_ErrrorVsEps_IIO_new_fe-eps-converted-t
o.pdf>
(epstopdf)                    date: 2018-11-19 10:19:48
(epstopdf)                    size: 29511 bytes.

<fig_ErrrorVsEps_IIO_new_fe-eps-converted-to.pdf, id=106, 486.81876pt x 387.447
5pt>
File: fig_ErrrorVsEps_IIO_new_fe-eps-converted-to.pdf Graphic file (type pdf)
 <use fig_ErrrorVsEps_IIO_new_fe-eps-converted-to.pdf>
Package pdftex.def Info: fig_ErrrorVsEps_IIO_new_fe-eps-converted-to.pdf used o
n input line 94.
(pdftex.def)             Requested size: 202.3529pt x 161.04784pt.
Package epstopdf Info: Source file: <fig_ErrrorVsN_IIO_new_fe_sing12.eps>
(epstopdf)                    date: 2018-11-19 10:15:05
(epstopdf)                    size: 71842 bytes
(epstopdf)             Output file: <fig_ErrrorVsN_IIO_new_fe_sing12-eps-conver
ted-to.pdf>
(epstopdf)             Command: <repstopdf --outfile=fig_ErrrorVsN_IIO_new_fe_s
ing12-eps-converted-to.pdf fig_ErrrorVsN_IIO_new_fe_sing12.eps>
(epstopdf)             \includegraphics on input line 98.
runsystem(repstopdf --outfile=fig_ErrrorVsN_IIO_new_fe_sing12-eps-converted-to.
pdf fig_ErrrorVsN_IIO_new_fe_sing12.eps)...executed safely (allowed).

Package epstopdf Info: Result file: <fig_ErrrorVsN_IIO_new_fe_sing12-eps-conver
ted-to.pdf>
(epstopdf)                    date: 2018-11-19 10:19:49
(epstopdf)                    size: 30186 bytes.

<fig_ErrrorVsN_IIO_new_fe_sing12-eps-converted-to.pdf, id=107, 480.79625pt x 38
4.43625pt>
File: fig_ErrrorVsN_IIO_new_fe_sing12-eps-converted-to.pdf Graphic file (type p
df)
 <use fig_ErrrorVsN_IIO_new_fe_sing12-eps-converted-to.pdf>
Package pdftex.def Info: fig_ErrrorVsN_IIO_new_fe_sing12-eps-converted-to.pdf u
sed on input line 98.
(pdftex.def)             Requested size: 202.3529pt x 161.80234pt.
Package epstopdf Info: Source file: <fig_ErrrorVsEps_IIO_new_fe_sing12.eps>
(epstopdf)                    date: 2018-11-19 10:15:05
(epstopdf)                    size: 65854 bytes
(epstopdf)             Output file: <fig_ErrrorVsEps_IIO_new_fe_sing12-eps-conv
erted-to.pdf>
(epstopdf)             Command: <repstopdf --outfile=fig_ErrrorVsEps_IIO_new_fe
_sing12-eps-converted-to.pdf fig_ErrrorVsEps_IIO_new_fe_sing12.eps>
(epstopdf)             \includegraphics on input line 102.
runsystem(repstopdf --outfile=fig_ErrrorVsEps_IIO_new_fe_sing12-eps-converted-t
o.pdf fig_ErrrorVsEps_IIO_new_fe_sing12.eps)...executed safely (allowed).

Package epstopdf Info: Result file: <fig_ErrrorVsEps_IIO_new_fe_sing12-eps-conv
erted-to.pdf>
(epstopdf)                    date: 2018-11-19 10:19:49
(epstopdf)                    size: 27443 bytes.

<fig_ErrrorVsEps_IIO_new_fe_sing12-eps-converted-to.pdf, id=108, 482.80376pt x 
387.4475pt>
File: fig_ErrrorVsEps_IIO_new_fe_sing12-eps-converted-to.pdf Graphic file (type
 pdf)
 <use fig_ErrrorVsEps_IIO_new_fe_sing12-eps-converted-to.pdf>
Package pdftex.def Info: fig_ErrrorVsEps_IIO_new_fe_sing12-eps-converted-to.pdf
 used on input line 102.
(pdftex.def)             Requested size: 202.3529pt x 162.38394pt.
Package epstopdf Info: Source file: <fig_ErrrorVsN_IIO_new_fe_sing16.eps>
(epstopdf)                    date: 2018-11-19 00:02:20
(epstopdf)                    size: 66696 bytes
(epstopdf)             Output file: <fig_ErrrorVsN_IIO_new_fe_sing16-eps-conver
ted-to.pdf>
(epstopdf)             Command: <repstopdf --outfile=fig_ErrrorVsN_IIO_new_fe_s
ing16-eps-converted-to.pdf fig_ErrrorVsN_IIO_new_fe_sing16.eps>
(epstopdf)             \includegraphics on input line 106.
runsystem(repstopdf --outfile=fig_ErrrorVsN_IIO_new_fe_sing16-eps-converted-to.
pdf fig_ErrrorVsN_IIO_new_fe_sing16.eps)...executed safely (allowed).

Package epstopdf Info: Result file: <fig_ErrrorVsN_IIO_new_fe_sing16-eps-conver
ted-to.pdf>
(epstopdf)                    date: 2018-11-19 10:19:50
(epstopdf)                    size: 29478 bytes.

<fig_ErrrorVsN_IIO_new_fe_sing16-eps-converted-to.pdf, id=109, 480.79625pt x 38
4.43625pt>
File: fig_ErrrorVsN_IIO_new_fe_sing16-eps-converted-to.pdf Graphic file (type p
df)
 <use fig_ErrrorVsN_IIO_new_fe_sing16-eps-converted-to.pdf>
Package pdftex.def Info: fig_ErrrorVsN_IIO_new_fe_sing16-eps-converted-to.pdf u
sed on input line 106.
(pdftex.def)             Requested size: 202.3529pt x 161.80234pt.
Package epstopdf Info: Source file: <fig_ErrrorVsEps_IIO_new_fe_sing16.eps>
(epstopdf)                    date: 2018-11-19 00:02:21
(epstopdf)                    size: 60931 bytes
(epstopdf)             Output file: <fig_ErrrorVsEps_IIO_new_fe_sing16-eps-conv
erted-to.pdf>
(epstopdf)             Command: <repstopdf --outfile=fig_ErrrorVsEps_IIO_new_fe
_sing16-eps-converted-to.pdf fig_ErrrorVsEps_IIO_new_fe_sing16.eps>
(epstopdf)             \includegraphics on input line 110.
runsystem(repstopdf --outfile=fig_ErrrorVsEps_IIO_new_fe_sing16-eps-converted-t
o.pdf fig_ErrrorVsEps_IIO_new_fe_sing16.eps)...executed safely (allowed).

Package epstopdf Info: Result file: <fig_ErrrorVsEps_IIO_new_fe_sing16-eps-conv
erted-to.pdf>
(epstopdf)                    date: 2018-11-19 10:19:50
(epstopdf)                    size: 26728 bytes.

<fig_ErrrorVsEps_IIO_new_fe_sing16-eps-converted-to.pdf, id=110, 482.80376pt x 
387.4475pt>
File: fig_ErrrorVsEps_IIO_new_fe_sing16-eps-converted-to.pdf Graphic file (type
 pdf)
 <use fig_ErrrorVsEps_IIO_new_fe_sing16-eps-converted-to.pdf>
Package pdftex.def Info: fig_ErrrorVsEps_IIO_new_fe_sing16-eps-converted-to.pdf
 used on input line 110.
(pdftex.def)             Requested size: 202.3529pt x 162.38394pt.
Package atveryend Info: Empty hook `BeforeClearDocument' on input line 142.

[3 <./fig_ErrrorVsN_IIO_new_fe-eps-converted-to.pdf> <./fig_ErrrorVsEps_IIO_new
_fe-eps-converted-to.pdf> <./fig_ErrrorVsN_IIO_new_fe_sing12-eps-converted-to.p
df> <./fig_ErrrorVsEps_IIO_new_fe_sing12-eps-converted-to.pdf> <./fig_ErrrorVsN
_IIO_new_fe_sing16-eps-converted-to.pdf> <./fig_ErrrorVsEps_IIO_new_fe_sing16-e
ps-converted-to.pdf>]
Package atveryend Info: Empty hook `AfterLastShipout' on input line 142.
 (./figures.aux)
Package atveryend Info: Executing hook `AtVeryEndDocument' on input line 142.
Package atveryend Info: Executing hook `AtEndAfterFileList' on input line 142.
Package rerunfilecheck Info: File `figures.out' has not changed.
(rerunfilecheck)             Checksum: D41D8CD98F00B204E9800998ECF8427E;0.
Package atveryend Info: Empty hook `AtVeryVeryEnd' on input line 142.
 ) 
Here is how much of TeX's memory you used:
 6872 strings out of 493089
 100664 string characters out of 6134842
 185068 words of memory out of 5000000
 10229 multiletter control sequences out of 15000+600000
 11093 words of font info for 43 fonts, out of 8000000 for 9000
 1141 hyphenation exceptions out of 8191
 29i,8n,35p,233b,323s stack positions out of 5000i,500n,10000p,200000b,80000s
</usr/local/texlive/2015/texmf-dist/fonts/type1/public/amsfonts/cm/cmbx10.pfb
></usr/local/texlive/2015/texmf-dist/fonts/type1/public/amsfonts/cm/cmbx12.pfb>
</usr/local/texlive/2015/texmf-dist/fonts/type1/public/amsfonts/cm/cmmi10.pfb><
/usr/local/texlive/2015/texmf-dist/fonts/type1/public/amsfonts/cm/cmmi9.pfb></u
sr/local/texlive/2015/texmf-dist/fonts/type1/public/amsfonts/cm/cmr10.pfb></usr
/local/texlive/2015/texmf-dist/fonts/type1/public/amsfonts/cm/cmr6.pfb></usr/lo
cal/texlive/2015/texmf-dist/fonts/type1/public/amsfonts/cm/cmr9.pfb></usr/local
/texlive/2015/texmf-dist/fonts/type1/public/amsfonts/cm/cmsy9.pfb>
Output written on figures.pdf (3 pages, 561101 bytes).
PDF statistics:
 184 PDF objects out of 1000 (max. 8388607)
 133 compressed objects within 2 object streams
 22 named destinations out of 1000 (max. 500000)
 91 words of extra memory for PDF output out of 10000 (max. 10000000)

